SF:carve/aggregate/aggregate.cc
FN:81,_ZN5carve9aggregate12RunAggregateEN4absl12lts_202608174SpanIKNSt10filesystem7__cxx114pathEEERS7_St17basic_string_viewIcSt11char_traitsIcEE
FN:35,_ZN5carve9aggregate7CombineEN4absl12lts_202608174SpanIKNS_13ActionRecordsEEE
FN:66,aggregate.cc:_ZZN5carve9aggregate7CombineEN4absl12lts_202608174SpanIKNS_13ActionRecordsEEEENK3$_0clEPKNS_12ActionRecordESA_
FNDA:4,_ZN5carve9aggregate12RunAggregateEN4absl12lts_202608174SpanIKNSt10filesystem7__cxx114pathEEERS7_St17basic_string_viewIcSt11char_traitsIcEE
FNDA:10,_ZN5carve9aggregate7CombineEN4absl12lts_202608174SpanIKNS_13ActionRecordsEEE
FNDA:4,aggregate.cc:_ZZN5carve9aggregate7CombineEN4absl12lts_202608174SpanIKNS_13ActionRecordsEEEENK3$_0clEPKNS_12ActionRecordESA_
FNF:3
FNH:3
BRDA:39,0,0,16
BRDA:39,0,1,9
BRDA:40,0,0,1
BRDA:40,0,1,15
BRDA:49,0,0,16
BRDA:49,0,1,10
BRDA:50,0,0,13
BRDA:50,0,1,16
BRDA:52,0,0,2
BRDA:52,0,1,11
BRDA:52,1,2,1
BRDA:52,1,3,1
BRDA:61,0,0,11
BRDA:61,0,1,10
BRDA:67,0,0,1
BRDA:67,0,1,3
BRDA:72,0,0,11
BRDA:72,0,1,10
BRDA:84,0,0,6
BRDA:84,0,1,4
BRDA:85,0,0,0
BRDA:85,0,1,6
BRDA:91,0,0,8
BRDA:91,0,1,4
BRDA:102,0,0,8
BRDA:102,0,1,4
BRF:26
BRH:25
DA:35,10
DA:36,10
DA:39,16
DA:40,16
DA:41,1
DA:42,1
DA:43,1
DA:44,16
DA:48,10
DA:49,16
DA:50,16
DA:51,13
DA:52,13
DA:53,1
DA:54,1
DA:55,13
DA:56,16
DA:59,10
DA:60,10
DA:61,11
DA:62,11
DA:63,11
DA:66,10
DA:67,4
DA:68,1
DA:69,1
DA:70,3
DA:71,4
DA:72,11
DA:73,11
DA:74,11
DA:75,10
DA:76,10
DA:81,4
DA:82,4
DA:83,4
DA:84,6
DA:85,6
DA:86,6
DA:87,6
DA:89,4
DA:90,4
DA:91,4
DA:101,4
DA:102,4
DA:103,4
DA:104,4
LH:47
LF:47
end_of_record
SF:carve/aggregate/aggregate.h
FNF:0
FNH:0
LH:0
LF:0
end_of_record
SF:carve/aquery/aquery.cc
FN:115,_ZN5carve6aquery19ParseCompileActionsESt17basic_string_viewIcSt11char_traitsIcEE
FN:92,aquery.cc:_ZN5carve6aquery12_GLOBAL__N_111ResolvePathB5cxx11EjRKN4absl12lts_2026081713flat_hash_mapIjPKN8analysis12PathFragmentENS3_13hash_internal4HashIjEESt8equal_toIjESaISt4pairIKjS8_EEEE
FN:47,aquery.cc:_ZN5carve6aquery12_GLOBAL__N_116ExpandParamFilesB5cxx11ERKN8analysis6ActionE
FN:36,aquery.cc:_ZN5carve6aquery12_GLOBAL__N_117IsCompileMnemonicESt17basic_string_viewIcSt11char_traitsIcEE
FNDA:31,_ZN5carve6aquery19ParseCompileActionsESt17basic_string_viewIcSt11char_traitsIcEE
FNDA:3,aquery.cc:_ZN5carve6aquery12_GLOBAL__N_111ResolvePathB5cxx11EjRKN4absl12lts_2026081713flat_hash_mapIjPKN8analysis12PathFragmentENS3_13hash_internal4HashIjEESt8equal_toIjESaISt4pairIKjS8_EEEE
FNDA:31,aquery.cc:_ZN5carve6aquery12_GLOBAL__N_116ExpandParamFilesB5cxx11ERKN8analysis6ActionE
FNDA:32,aquery.cc:_ZN5carve6aquery12_GLOBAL__N_117IsCompileMnemonicESt17basic_string_viewIcSt11char_traitsIcEE
FNF:4
FNH:4
BRDA:48,0,0,30
BRDA:48,0,1,1
BRDA:53,0,0,1
BRDA:53,0,1,1
BRDA:65,0,0,8
BRDA:65,0,1,1
BRDA:66,0,0,2
BRDA:66,0,1,6
BRDA:72,0,0,6
BRDA:72,0,1,0
BRDA:72,1,2,1
BRDA:72,1,3,5
BRDA:72,2,4,1
BRDA:72,2,5,0
BRDA:74,0,0,1
BRDA:74,0,1,0
BRDA:95,0,0,7
BRDA:95,0,1,0
BRDA:95,1,2,5
BRDA:95,1,3,2
BRDA:97,0,0,1
BRDA:97,0,1,4
BRDA:104,0,0,4
BRDA:104,0,1,3
BRDA:105,0,0,2
BRDA:105,0,1,2
BRDA:117,0,0,1
BRDA:117,0,1,30
BRDA:123,0,0,4
BRDA:123,0,1,30
BRDA:129,0,0,3
BRDA:129,0,1,30
BRDA:134,0,0,32
BRDA:134,0,1,30
BRDA:135,0,0,1
BRDA:135,0,1,31
BRDA:143,0,0,3
BRDA:143,0,1,28
BRF:38
BRH:34
DA:36,32
DA:37,32
DA:38,32
DA:39,32
DA:40,32
DA:47,31
DA:48,31
DA:49,30
DA:50,30
DA:51,1
DA:52,1
DA:53,1
DA:54,1
DA:55,1
DA:57,1
DA:58,1
DA:59,1
DA:61,1
DA:62,1
DA:63,1
DA:64,1
DA:65,9
DA:66,8
DA:67,2
DA:68,2
DA:69,2
DA:70,6
DA:71,6
DA:72,6
DA:73,1
DA:74,1
DA:75,1
DA:76,1
DA:77,1
DA:78,1
DA:79,1
DA:80,1
DA:81,1
DA:82,5
DA:83,5
DA:84,1
DA:85,31
DA:92,3
DA:93,3
DA:94,3
DA:95,7
DA:96,5
DA:97,5
DA:98,1
DA:99,1
DA:100,4
DA:101,4
DA:102,4
DA:103,3
DA:104,4
DA:105,4
DA:106,2
DA:107,2
DA:108,4
DA:109,4
DA:110,3
DA:111,3
DA:115,31
DA:116,31
DA:117,31
DA:118,1
DA:119,1
DA:121,30
DA:122,30
DA:123,30
DA:124,4
DA:125,4
DA:127,30
DA:128,30
DA:129,30
DA:130,3
DA:131,3
DA:133,30
DA:134,32
DA:135,32
DA:136,1
DA:137,1
DA:138,31
DA:139,31
DA:140,31
DA:141,31
DA:142,31
DA:143,31
DA:144,3
DA:145,3
DA:146,31
DA:147,31
DA:148,30
DA:149,31
LH:94
LF:94
end_of_record
SF:carve/aquery/aquery.h
FNF:0
FNH:0
LH:0
LF:0
end_of_record
SF:carve/carve_aggregate.cc
FNF:0
FNH:0
LH:0
LF:0
end_of_record
SF:carve/carve_shard.cc
FNF:0
FNH:0
LH:0
LF:0
end_of_record
SF:carve/cdb/cdb.cc
FN:120,_ZN5carve3cdb5WriteERKNSt10filesystem7__cxx114pathEN4absl12lts_202608174SpanIKNS0_14CompileCommandEEE
FN:77,_ZN5carve3cdb6ToJsonB5cxx11EN4absl12lts_202608174SpanIKNS0_14CompileCommandEEE
FN:33,cdb.cc:_ZN5carve3cdb12_GLOBAL__N_116AppendJsonStringERNSt7__cxx1112basic_stringIcSt11char_traitsIcESaIcEEESt17basic_string_viewIcS5_E
FN:69,cdb.cc:_ZN5carve3cdb12_GLOBAL__N_19AppendKeyERNSt7__cxx1112basic_stringIcSt11char_traitsIcESaIcEEESt17basic_string_viewIcS5_ESA_
FNDA:24,_ZN5carve3cdb5WriteERKNSt10filesystem7__cxx114pathEN4absl12lts_202608174SpanIKNS0_14CompileCommandEEE
FNDA:32,_ZN5carve3cdb6ToJsonB5cxx11EN4absl12lts_202608174SpanIKNS0_14CompileCommandEEE
FNDA:273,cdb.cc:_ZN5carve3cdb12_GLOBAL__N_116AppendJsonStringERNSt7__cxx1112basic_stringIcSt11char_traitsIcESaIcEEESt17basic_string_viewIcS5_E
FNDA:106,cdb.cc:_ZN5carve3cdb12_GLOBAL__N_19AppendKeyERNSt7__cxx1112basic_stringIcSt11char_traitsIcESaIcEEESt17basic_string_viewIcS5_ESA_
FNF:4
FNH:4
BRDA:42,0,0,2634
BRDA:42,0,1,273
BRDA:45,0,0,1
BRDA:45,0,1,2633
BRDA:46,0,0,1
BRDA:46,0,1,2633
BRDA:47,0,0,1
BRDA:47,0,1,2633
BRDA:48,0,0,1
BRDA:48,0,1,2633
BRDA:49,0,0,1
BRDA:49,0,1,2633
BRDA:50,0,0,1
BRDA:50,0,1,2633
BRDA:51,0,0,1
BRDA:51,0,1,2633
BRDA:52,0,0,2627
BRDA:52,0,1,7
BRDA:53,0,0,1
BRDA:53,0,1,2626
BRDA:78,0,0,2
BRDA:78,0,1,30
BRDA:82,0,0,36
BRDA:82,0,1,30
BRDA:95,0,0,31
BRDA:95,0,1,5
BRDA:99,0,0,92
BRDA:99,0,1,31
BRDA:102,0,0,61
BRDA:102,0,1,31
BRDA:107,0,0,3
BRDA:107,0,1,33
BRDA:114,0,0,6
BRDA:114,0,1,30
BRF:34
BRH:34
DA:33,273
DA:36,273
DA:37,273
DA:38,273
DA:39,273
DA:40,273
DA:41,273
DA:42,2634
DA:43,2634
DA:44,2634
DA:45,1
DA:46,1
DA:47,1
DA:48,1
DA:49,1
DA:50,1
DA:51,1
DA:52,2627
DA:53,2627
DA:55,1
DA:56,1
DA:57,1
DA:58,2626
DA:59,2626
DA:60,2626
DA:61,2627
DA:62,2634
DA:63,2634
DA:64,273
DA:65,273
DA:69,106
DA:70,106
DA:71,106
DA:72,106
DA:73,106
DA:77,32
DA:78,32
DA:79,2
DA:80,2
DA:81,30
DA:82,66
DA:85,36
DA:86,36
DA:88,36
DA:89,36
DA:90,36
DA:92,36
DA:93,36
DA:95,36
DA:96,31
DA:97,31
DA:98,31
DA:99,123
DA:100,92
DA:101,92
DA:102,92
DA:103,92
DA:104,31
DA:105,31
DA:107,36
DA:108,3
DA:109,3
DA:110,3
DA:111,3
DA:113,36
DA:114,36
DA:115,36
DA:116,30
DA:117,30
DA:118,32
DA:120,24
DA:121,24
DA:122,24
LH:73
LF:73
end_of_record
SF:carve/cdb/cdb.h
FNF:0
FNH:0
LH:0
LF:0
end_of_record
SF:carve/cdb/json_matcher.h
FN:48,_ZN5carve3cdb21json_matcher_internal13EqJsonMatcherC2ESt17basic_string_viewIcSt11char_traitsIcEE
FN:37,_ZN5carve3cdb21json_matcher_internal14ParseJsonValueESt17basic_string_viewIcSt11char_traitsIcEERN6google8protobuf5ValueE
FN:109,_ZN5carve3cdb6EqJsonB5cxx11ESt17basic_string_viewIcSt11char_traitsIcEE
FN:50,_ZNK5carve3cdb21json_matcher_internal13EqJsonMatcher10DescribeToEPSo
FN:54,_ZNK5carve3cdb21json_matcher_internal13EqJsonMatcher15MatchAndExplainENSt7__cxx1112basic_stringIcSt11char_traitsIcESaIcEEEPN7testing19MatchResultListenerE
FN:52,_ZNK5carve3cdb21json_matcher_internal13EqJsonMatcher18DescribeNegationToEPSo
FNDA:30,_ZN5carve3cdb21json_matcher_internal13EqJsonMatcherC2ESt17basic_string_viewIcSt11char_traitsIcEE
FNDA:60,_ZN5carve3cdb21json_matcher_internal14ParseJsonValueESt17basic_string_viewIcSt11char_traitsIcEERN6google8protobuf5ValueE
FNDA:30,_ZN5carve3cdb6EqJsonB5cxx11ESt17basic_string_viewIcSt11char_traitsIcEE
FNDA:1,_ZNK5carve3cdb21json_matcher_internal13EqJsonMatcher10DescribeToEPSo
FNDA:32,_ZNK5carve3cdb21json_matcher_internal13EqJsonMatcher15MatchAndExplainENSt7__cxx1112basic_stringIcSt11char_traitsIcESaIcEEEPN7testing19MatchResultListenerE
FNDA:1,_ZNK5carve3cdb21json_matcher_internal13EqJsonMatcher18DescribeNegationToEPSo
FNF:6
FNH:6
BRDA:57,0,0,4
BRDA:57,0,1,28
BRDA:65,0,0,2
BRDA:65,0,1,26
BRDA:74,0,0,12
BRDA:74,0,1,14
BRF:6
BRH:6
DA:37,60
DA:38,60
DA:39,60
DA:48,30
DA:50,1
DA:52,1
DA:54,32
DA:55,32
DA:56,32
DA:57,32
DA:58,4
DA:59,4
DA:60,4
DA:61,4
DA:63,28
DA:64,28
DA:65,28
DA:66,2
DA:67,2
DA:68,2
DA:69,2
DA:71,26
DA:72,26
DA:73,26
DA:74,26
DA:75,12
DA:76,12
DA:77,12
DA:78,12
DA:79,12
DA:80,12
DA:81,14
DA:82,26
DA:109,30
DA:110,30
DA:111,30
LH:36
LF:36
end_of_record
SF:carve/cli/cli.cc
FN:27,_ZN5carve3cli14SubcommandNameENS0_10SubcommandE
FN:37,_ZN5carve3cli15ParseSubcommandESt17basic_string_viewIcSt11char_traitsIcEE
FN:53,_ZN5carve3cli8DispatchENS0_10SubcommandEN4absl12lts_202608174SpanIKSt17basic_string_viewIcSt11char_traitsIcEEEE
FNDA:5,_ZN5carve3cli14SubcommandNameENS0_10SubcommandE
FNDA:10,_ZN5carve3cli15ParseSubcommandESt17basic_string_viewIcSt11char_traitsIcEE
FNDA:1,_ZN5carve3cli8DispatchENS0_10SubcommandEN4absl12lts_202608174SpanIKSt17basic_string_viewIcSt11char_traitsIcEEEE
FNF:3
FNH:3
BRDA:28,0,0,5
BRDA:28,0,1,0
BRDA:29,0,0,2
BRDA:29,0,1,3
BRDA:30,0,0,1
BRDA:30,0,1,4
BRDA:31,0,0,1
BRDA:31,0,1,4
BRDA:32,0,0,1
BRDA:32,0,1,4
BRDA:38,0,0,2
BRDA:38,0,1,8
BRDA:41,0,0,2
BRDA:41,0,1,6
BRDA:44,0,0,2
BRDA:44,0,1,4
BRDA:47,0,0,2
BRDA:47,0,1,2
BRF:18
BRH:17
DA:27,5
DA:28,5
DA:29,2
DA:30,1
DA:31,1
DA:32,1
DA:33,5
DA:34,0
DA:35,5
DA:37,10
DA:38,10
DA:39,2
DA:40,2
DA:41,8
DA:42,2
DA:43,2
DA:44,6
DA:45,2
DA:46,2
DA:47,4
DA:48,2
DA:49,2
DA:50,2
DA:51,4
DA:53,1
DA:54,1
DA:55,1
DA:56,1
LH:27
LF:28
end_of_record
SF:carve/cli/cli.h
FNF:0
FNH:0
LH:0
LF:0
end_of_record
SF:carve/command/command.cc
FN:106,_ZN5carve7command20RelativizeToExecrootB5cxx11ESt17basic_string_viewIcSt11char_traitsIcEES4_
FN:120,_ZN5carve7command21ParseMakeDependenciesB5cxx11ESt17basic_string_viewIcSt11char_traitsIcEE
FN:90,_ZN5carve7command24ResolveXcodePlaceholdersEN4absl12lts_202608174SpanIKNSt7__cxx1112basic_stringIcSt11char_traitsIcESaIcEEEEESt17basic_string_viewIcS7_ESD_
FN:60,_ZN5carve7command7DeBazelEN4absl12lts_202608174SpanIKNSt7__cxx1112basic_stringIcSt11char_traitsIcESaIcEEEEE
FN:54,command.cc:_ZN5carve7command12_GLOBAL__N_18IsCcacheESt17basic_string_viewIcSt11char_traitsIcEE
FN:73,command.cc:_ZZN5carve7command7DeBazelEN4absl12lts_202608174SpanIKNSt7__cxx1112basic_stringIcSt11char_traitsIcESaIcEEEEEENK3$_0clESt17basic_string_viewIcS7_E
FNDA:26,_ZN5carve7command20RelativizeToExecrootB5cxx11ESt17basic_string_viewIcSt11char_traitsIcEES4_
FNDA:6,_ZN5carve7command21ParseMakeDependenciesB5cxx11ESt17basic_string_viewIcSt11char_traitsIcEE
FNDA:4,_ZN5carve7command24ResolveXcodePlaceholdersEN4absl12lts_202608174SpanIKNSt7__cxx1112basic_stringIcSt11char_traitsIcESaIcEEEEESt17basic_string_viewIcS7_ESD_
FNDA:47,_ZN5carve7command7DeBazelEN4absl12lts_202608174SpanIKNSt7__cxx1112basic_stringIcSt11char_traitsIcESaIcEEEEE
FNDA:46,command.cc:_ZN5carve7command12_GLOBAL__N_18IsCcacheESt17basic_string_viewIcSt11char_traitsIcEE
FNDA:304,command.cc:_ZZN5carve7command7DeBazelEN4absl12lts_202608174SpanIKNSt7__cxx1112basic_stringIcSt11char_traitsIcESaIcEEEEEENK3$_0clESt17basic_string_viewIcS7_E
FNF:6
FNH:6
BRDA:63,0,0,161
BRDA:63,0,1,47
BRDA:69,0,0,46
BRDA:69,0,1,115
BRDA:69,1,2,2
BRDA:69,1,3,44
BRDA:72,0,0,15
BRDA:72,0,1,303
BRDA:73,0,0,3
BRDA:73,0,1,150
BRDA:76,0,0,4
BRDA:76,0,1,146
BRDA:77,0,0,3
BRDA:77,0,1,1
BRDA:92,0,0,2
BRDA:92,0,1,2
BRDA:95,0,0,3
BRDA:95,0,1,1
BRDA:100,0,0,15
BRDA:100,0,1,4
BRDA:101,0,0,3
BRDA:101,0,1,12
BRDA:108,0,0,2
BRDA:108,0,1,24
BRDA:108,1,2,14
BRDA:108,1,3,10
BRDA:114,0,0,2
BRDA:114,0,1,18
BRDA:114,1,2,2
BRDA:114,1,3,8
BRDA:122,0,0,2
BRDA:122,0,1,4
BRDA:125,0,0,101
BRDA:125,0,1,6
BRDA:127,0,0,4
BRDA:127,0,1,97
BRDA:127,1,2,4
BRDA:127,1,3,0
BRDA:129,0,0,2
BRDA:129,0,1,2
BRDA:129,1,2,0
BRDA:129,1,3,2
BRDA:133,0,0,2
BRDA:133,0,1,0
BRDA:139,0,0,14
BRDA:139,0,1,83
BRDA:139,1,2,0
BRDA:139,1,3,83
BRDA:139,2,4,2
BRDA:139,2,5,81
BRDA:139,3,6,0
BRDA:139,3,7,81
BRDA:140,0,0,8
BRDA:140,0,1,8
BRDA:148,0,0,3
BRDA:148,0,1,3
BRF:56
BRH:51
DA:54,46
DA:55,46
DA:56,46
DA:60,47
DA:61,47
DA:62,47
DA:63,208
DA:66,161
DA:69,161
DA:70,2
DA:71,2
DA:72,159
DA:73,304
DA:74,9
DA:75,9
DA:76,150
DA:77,4
DA:78,3
DA:79,3
DA:80,4
DA:81,4
DA:82,146
DA:83,146
DA:84,47
DA:85,47
DA:90,4
DA:91,4
DA:92,4
DA:93,2
DA:94,2
DA:95,4
DA:96,3
DA:97,3
DA:98,4
DA:99,4
DA:100,15
DA:101,15
DA:102,15
DA:103,4
DA:104,4
DA:106,26
DA:107,26
DA:108,26
DA:109,16
DA:110,16
DA:113,10
DA:114,10
DA:115,2
DA:116,2
DA:117,8
DA:118,10
DA:120,6
DA:121,6
DA:122,6
DA:123,6
DA:124,6
DA:125,107
DA:126,101
DA:127,101
DA:128,4
DA:129,4
DA:130,2
DA:131,2
DA:132,2
DA:133,2
DA:134,2
DA:135,2
DA:136,2
DA:137,2
DA:138,0
DA:139,97
DA:140,16
DA:141,8
DA:142,8
DA:143,8
DA:144,81
DA:145,81
DA:146,81
DA:147,101
DA:148,6
DA:149,3
DA:150,3
DA:151,6
DA:152,6
LH:83
LF:84
end_of_record
SF:carve/command/command.h
FNF:0
FNH:0
LH:0
LF:0
end_of_record
SF:carve/io/io.cc
FN:49,_ZN5carve2io15WriteAtomicallyERKNSt10filesystem7__cxx114pathESt17basic_string_viewIcSt11char_traitsIcEE
FN:82,_ZN5carve2io8ReadFileERKNSt10filesystem7__cxx114pathE
FN:38,io.cc:_ZN5carve2io12_GLOBAL__N_111TempSiblingERKNSt10filesystem7__cxx114pathE
FNDA:94,_ZN5carve2io15WriteAtomicallyERKNSt10filesystem7__cxx114pathESt17basic_string_viewIcSt11char_traitsIcEE
FNDA:77,_ZN5carve2io8ReadFileERKNSt10filesystem7__cxx114pathE
FNDA:93,io.cc:_ZN5carve2io12_GLOBAL__N_111TempSiblingERKNSt10filesystem7__cxx114pathE
FNF:3
FNH:3
BRDA:52,0,0,94
BRDA:52,0,1,0
BRDA:54,0,0,1
BRDA:54,0,1,93
BRDA:63,0,0,1
BRDA:63,0,1,92
BRDA:68,0,0,1
BRDA:68,0,1,91
BRDA:75,0,0,1
BRDA:75,0,1,90
BRDA:84,0,0,14
BRDA:84,0,1,63
BRDA:84,1,2,0
BRDA:84,1,3,63
BRDA:88,0,0,1
BRDA:88,0,1,62
BRF:16
BRH:14
DA:38,93
DA:39,93
DA:40,93
DA:41,93
DA:42,93
DA:43,93
DA:44,93
DA:45,93
DA:49,94
DA:50,94
DA:51,94
DA:52,94
DA:53,94
DA:54,94
DA:55,1
DA:56,1
DA:57,1
DA:58,94
DA:60,93
DA:61,93
DA:62,93
DA:63,93
DA:64,1
DA:65,1
DA:66,92
DA:67,92
DA:68,92
DA:69,1
DA:70,1
DA:71,1
DA:72,92
DA:74,91
DA:75,91
DA:76,1
DA:77,1
DA:78,1
DA:79,90
DA:80,91
DA:82,77
DA:83,77
DA:84,77
DA:85,14
DA:86,14
DA:87,63
DA:88,63
DA:89,1
DA:90,1
DA:91,62
DA:92,63
LH:49
LF:49
end_of_record
SF:carve/io/io.h
FNF:0
FNH:0
LH:0
LF:0
end_of_record
SF:carve/process/process.cc
FN:92,_ZN5carve7process3RunEN4absl12lts_202608174SpanIKNSt7__cxx1112basic_stringIcSt11char_traitsIcESaIcEEEEE
FN:53,process.cc:_ZN5carve7process12_GLOBAL__N_110DrainPipesEiiRNS0_13CommandResultE
FN:47,process.cc:_ZN5carve7process12_GLOBAL__N_110ErrnoErrorESt17basic_string_viewIcSt11char_traitsIcEE
FNDA:13,_ZN5carve7process3RunEN4absl12lts_202608174SpanIKNSt7__cxx1112basic_stringIcSt11char_traitsIcESaIcEEEEE
FNDA:10,process.cc:_ZN5carve7process12_GLOBAL__N_110DrainPipesEiiRNS0_13CommandResultE
FNDA:2,process.cc:_ZN5carve7process12_GLOBAL__N_110ErrnoErrorESt17basic_string_viewIcSt11char_traitsIcEE
FNF:3
FNH:3
BRDA:58,0,0,65
BRDA:58,0,1,10
BRDA:59,0,0,0
BRDA:59,0,1,65
BRDA:60,0,0,-
BRDA:60,0,1,-
BRDA:65,0,0,130
BRDA:65,0,1,65
BRDA:68,0,0,1
BRDA:68,0,1,129
BRDA:68,1,2,54
BRDA:68,1,3,75
BRDA:73,0,0,55
BRDA:73,0,1,20
BRDA:75,0,0,20
BRDA:75,0,1,0
BRDA:75,1,2,-
BRDA:75,1,3,-
BRDA:83,0,0,20
BRDA:83,0,1,10
BRDA:84,0,0,0
BRDA:84,0,1,20
BRDA:93,0,0,1
BRDA:93,0,1,12
BRDA:101,0,0,1
BRDA:101,0,1,11
BRDA:105,0,0,1
BRDA:105,0,1,10
BRDA:113,0,0,0
BRDA:113,0,1,10
BRDA:114,0,0,-
BRDA:114,0,1,-
BRDA:120,0,0,0
BRDA:120,0,1,10
BRDA:124,0,0,-
BRDA:124,0,1,-
BRDA:129,0,0,-
BRDA:129,0,1,-
BRDA:146,0,0,0
BRDA:146,0,1,10
BRDA:147,0,0,-
BRDA:147,0,1,-
BRDA:151,0,0,9
BRDA:151,0,1,1
BRDA:153,0,0,1
BRDA:153,0,1,0
BRF:46
BRH:27
DA:47,2
DA:48,2
DA:49,2
DA:53,10
DA:54,10
DA:55,10
DA:56,10
DA:57,10
DA:58,75
DA:59,65
DA:60,0
DA:61,0
DA:62,0
DA:63,0
DA:64,0
DA:65,195
DA:68,130
DA:69,55
DA:70,55
DA:71,75
DA:72,75
DA:73,75
DA:74,55
DA:75,61
DA:76,20
DA:77,20
DA:78,20
DA:79,20
DA:80,75
DA:81,65
DA:83,20
DA:84,20
DA:85,0
DA:86,0
DA:87,20
DA:88,10
DA:92,13
DA:93,13
DA:94,1
DA:95,1
DA:97,12
DA:98,12
DA:101,12
DA:102,1
DA:103,1
DA:105,11
DA:106,1
DA:107,1
DA:108,1
DA:109,1
DA:110,10
DA:112,10
DA:113,10
DA:114,0
DA:115,0
DA:116,0
DA:117,0
DA:118,0
DA:120,10
DA:122,0
DA:123,0
DA:124,0
DA:125,0
DA:126,0
DA:127,0
DA:128,0
DA:129,0
DA:132,0
DA:133,0
DA:134,0
DA:135,0
DA:136,0
DA:137,0
DA:140,10
DA:141,10
DA:142,10
DA:143,10
DA:145,10
DA:146,10
DA:147,0
DA:148,0
DA:149,0
DA:150,0
DA:151,10
DA:152,9
DA:153,9
DA:155,1
DA:156,10
DA:157,10
LH:59
LF:89
end_of_record
SF:carve/process/process.h
FNF:0
FNH:0
LH:0
LF:0
end_of_record
SF:carve/prune/prune.cc
FN:28,_ZN5carve5prune12PruneRecordsERKNS_13ActionRecordsEl
FN:39,_ZN5carve5prune8RunPruneERKNSt10filesystem7__cxx114pathEl
FNDA:4,_ZN5carve5prune12PruneRecordsERKNS_13ActionRecordsEl
FNDA:2,_ZN5carve5prune8RunPruneERKNSt10filesystem7__cxx114pathEl
FNF:2
FNH:2
BRDA:31,0,0,6
BRDA:31,0,1,4
BRDA:32,0,0,1
BRDA:32,0,1,5
BRDA:32,1,2,3
BRDA:32,1,3,2
BRDA:40,0,0,0
BRDA:40,0,1,2
BRDA:45,0,0,1
BRDA:45,0,1,1
BRDA:46,0,0,2
BRDA:46,0,1,1
BRF:12
BRH:11
DA:28,4
DA:29,4
DA:30,4
DA:31,6
DA:32,6
DA:33,4
DA:34,4
DA:35,6
DA:36,4
DA:37,4
DA:39,2
DA:40,2
DA:41,2
DA:42,2
DA:45,2
DA:46,1
DA:47,1
DA:48,2
DA:49,2
LH:19
LF:19
end_of_record
SF:carve/prune/prune.h
FNF:0
FNH:0
LH:0
LF:0
end_of_record
SF:carve/refresh/refresh.cc
FN:346,_ZN5carve7refresh10RunRefreshERKNS0_11FileOptionsE
FN:339,_ZN5carve7refresh12BuildEntriesESt17basic_string_viewIcSt11char_traitsIcEERKNS0_7OptionsE
FN:316,_ZN5carve7refresh18EntriesFromRecordsERKNS_13ActionRecordsESt17basic_string_viewIcSt11char_traitsIcEE
FN:66,refresh.cc:_ZN5carve7refresh12_GLOBAL__N_110FindSourceERKSt6vectorINSt7__cxx1112basic_stringIcSt11char_traitsIcESaIcEEESaIS8_EE
FN:91,refresh.cc:_ZN5carve7refresh12_GLOBAL__N_110MakeRecordERKNS_6aquery13CompileActionESt17basic_string_viewIcSt11char_traitsIcEE
FN:157,refresh.cc:_ZN5carve7refresh12_GLOBAL__N_111ScanHeadersERNS_12ActionRecordESt17basic_string_viewIcSt11char_traitsIcEERKSt8functionIFN4absl12lts_202608178StatusOrISt6vectorINSt7__cxx1112basic_stringIcS6_SaIcEEESaISG_EEEENSA_4SpanIKSG_EES7_EE
FN:240,refresh.cc:_ZN5carve7refresh12_GLOBAL__N_111WorkerCountEi
FN:79,refresh.cc:_ZN5carve7refresh12_GLOBAL__N_112AbsoluteFileB5cxx11ESt17basic_string_viewIcSt11char_traitsIcEES5_
FN:117,refresh.cc:_ZN5carve7refresh12_GLOBAL__N_112BuildRecordsESt17basic_string_viewIcSt11char_traitsIcEES5_
FN:53,refresh.cc:_ZN5carve7refresh12_GLOBAL__N_112IsSourceFileESt17basic_string_viewIcSt11char_traitsIcEE
FN:188,refresh.cc:_ZN5carve7refresh12_GLOBAL__N_112ParallelScan3RunEj
FN:220,refresh.cc:_ZN5carve7refresh12_GLOBAL__N_112ParallelScan6WorkerEv
FN:211,refresh.cc:_ZN5carve7refresh12_GLOBAL__N_112ParallelScan9ClaimNextEv
FN:184,refresh.cc:_ZN5carve7refresh12_GLOBAL__N_112ParallelScanC2ESt6vectorIPNS_12ActionRecordESaIS5_EESt17basic_string_viewIcSt11char_traitsIcEERKSt8functionIFN4absl12lts_202608178StatusOrIS3_INSt7__cxx1112basic_stringIcSA_SaIcEEESaISJ_EEEENSE_4SpanIKSJ_EESB_EE
FN:285,refresh.cc:_ZN5carve7refresh12_GLOBAL__N_113BazelExecRootERKNSt7__cxx1112basic_stringIcSt11char_traitsIcESaIcEEE
FN:247,refresh.cc:_ZN5carve7refresh12_GLOBAL__N_113ModifiedAfterERKNSt10filesystem7__cxx114pathEl
FN:268,refresh.cc:_ZN5carve7refresh12_GLOBAL__N_117CachedScanIsStaleERKNS_12ActionRecordESt17basic_string_viewIcSt11char_traitsIcEE
FN:134,refresh.cc:_ZN5carve7refresh12_GLOBAL__N_122ApplyXcodePlaceholdersERNS_13ActionRecordsERKSt8functionIFNS0_10XcodePathsEvEE
FN:302,refresh.cc:_ZN5carve7refresh12_GLOBAL__N_19RunAqueryERKSt6vectorINSt7__cxx1112basic_stringIcSt11char_traitsIcESaIcEEESaIS8_EERKS8_
FN:197,refresh.cc:_ZZN5carve7refresh12_GLOBAL__N_112ParallelScan3RunEjENKUlvE_clEv
FN:277,refresh.cc:_ZZN5carve7refresh12_GLOBAL__N_117CachedScanIsStaleERKNS_12ActionRecordESt17basic_string_viewIcSt11char_traitsIcEEENK3$_0clES8_
FN:278,refresh.cc:_ZZN5carve7refresh12_GLOBAL__N_117CachedScanIsStaleERKNS_12ActionRecordESt17basic_string_viewIcSt11char_traitsIcEEENK3$_1clES8_
FN:135,refresh.cc:_ZZN5carve7refresh12_GLOBAL__N_122ApplyXcodePlaceholdersERNS_13ActionRecordsERKSt8functionIFNS0_10XcodePathsEvEEENK3$_0clERKNS_12ActionRecordE
FN:137,refresh.cc:_ZZZN5carve7refresh12_GLOBAL__N_122ApplyXcodePlaceholdersERNS_13ActionRecordsERKSt8functionIFNS0_10XcodePathsEvEEENK3$_0clERKNS_12ActionRecordEENKUlSt17basic_string_viewIcSt11char_traitsIcEEE_clESH_
FNDA:22,_ZN5carve7refresh10RunRefreshERKNS0_11FileOptionsE
FNDA:5,_ZN5carve7refresh12BuildEntriesESt17basic_string_viewIcSt11char_traitsIcEERKNS0_7OptionsE
FNDA:28,_ZN5carve7refresh18EntriesFromRecordsERKNS_13ActionRecordsESt17basic_string_viewIcSt11char_traitsIcEE
FNDA:26,refresh.cc:_ZN5carve7refresh12_GLOBAL__N_110FindSourceERKSt6vectorINSt7__cxx1112basic_stringIcSt11char_traitsIcESaIcEEESaIS8_EE
FNDA:26,refresh.cc:_ZN5carve7refresh12_GLOBAL__N_110MakeRecordERKNS_6aquery13CompileActionESt17basic_string_viewIcSt11char_traitsIcEE
FNDA:13,refresh.cc:_ZN5carve7refresh12_GLOBAL__N_111ScanHeadersERNS_12ActionRecordESt17basic_string_viewIcSt11char_traitsIcEERKSt8functionIFN4absl12lts_202608178StatusOrISt6vectorINSt7__cxx1112basic_stringIcS6_SaIcEEESaISG_EEEENSA_4SpanIKSG_EES7_EE
FNDA:19,refresh.cc:_ZN5carve7refresh12_GLOBAL__N_111WorkerCountEi
FNDA:8,refresh.cc:_ZN5carve7refresh12_GLOBAL__N_112AbsoluteFileB5cxx11ESt17basic_string_viewIcSt11char_traitsIcEES5_
FNDA:24,refresh.cc:_ZN5carve7refresh12_GLOBAL__N_112BuildRecordsESt17basic_string_viewIcSt11char_traitsIcEES5_
FNDA:80,refresh.cc:_ZN5carve7refresh12_GLOBAL__N_112IsSourceFileESt17basic_string_viewIcSt11char_traitsIcEE
FNDA:19,refresh.cc:_ZN5carve7refresh12_GLOBAL__N_112ParallelScan3RunEj
FNDA:13,refresh.cc:_ZN5carve7refresh12_GLOBAL__N_112ParallelScan6WorkerEv
FNDA:26,refresh.cc:_ZN5carve7refresh12_GLOBAL__N_112ParallelScan9ClaimNextEv
FNDA:19,refresh.cc:_ZN5carve7refresh12_GLOBAL__N_112ParallelScanC2ESt6vectorIPNS_12ActionRecordESaIS5_EESt17basic_string_viewIcSt11char_traitsIcEERKSt8functionIFN4absl12lts_202608178StatusOrIS3_INSt7__cxx1112basic_stringIcSA_SaIcEEESaISJ_EEEENSE_4SpanIKSJ_EESB_EE
FNDA:2,refresh.cc:_ZN5carve7refresh12_GLOBAL__N_113BazelExecRootERKNSt7__cxx1112basic_stringIcSt11char_traitsIcESaIcEEE
FNDA:8,refresh.cc:_ZN5carve7refresh12_GLOBAL__N_113ModifiedAfterERKNSt10filesystem7__cxx114pathEl
FNDA:7,refresh.cc:_ZN5carve7refresh12_GLOBAL__N_117CachedScanIsStaleERKNS_12ActionRecordESt17basic_string_viewIcSt11char_traitsIcEE
FNDA:1,refresh.cc:_ZN5carve7refresh12_GLOBAL__N_122ApplyXcodePlaceholdersERNS_13ActionRecordsERKSt8functionIFNS0_10XcodePathsEvEE
FNDA:3,refresh.cc:_ZN5carve7refresh12_GLOBAL__N_19RunAqueryERKSt6vectorINSt7__cxx1112basic_stringIcSt11char_traitsIcESaIcEEESaIS8_EERKS8_
FNDA:4,refresh.cc:_ZZN5carve7refresh12_GLOBAL__N_112ParallelScan3RunEjENKUlvE_clEv
FNDA:6,refresh.cc:_ZZN5carve7refresh12_GLOBAL__N_117CachedScanIsStaleERKNS_12ActionRecordESt17basic_string_viewIcSt11char_traitsIcEEENK3$_0clES8_
FNDA:2,refresh.cc:_ZZN5carve7refresh12_GLOBAL__N_117CachedScanIsStaleERKNS_12ActionRecordESt17basic_string_viewIcSt11char_traitsIcEEENK3$_1clES8_
FNDA:1,refresh.cc:_ZZN5carve7refresh12_GLOBAL__N_122ApplyXcodePlaceholdersERNS_13ActionRecordsERKSt8functionIFNS0_10XcodePathsEvEEENK3$_0clERKNS_12ActionRecordE
FNDA:1,refresh.cc:_ZZZN5carve7refresh12_GLOBAL__N_122ApplyXcodePlaceholdersERNS_13ActionRecordsERKSt8functionIFNS0_10XcodePathsEvEEENK3$_0clERKNS_12ActionRecordEENKUlSt17basic_string_viewIcSt11char_traitsIcEEE_clESH_
FNF:24
FNH:24
BRDA:55,0,0,54
BRDA:55,0,1,26
BRDA:68,0,0,80
BRDA:68,0,1,26
BRDA:69,0,0,25
BRDA:69,0,1,55
BRDA:81,0,0,0
BRDA:81,0,1,8
BRDA:81,1,2,1
BRDA:81,1,3,7
BRDA:94,0,0,1
BRDA:94,0,1,25
BRDA:100,0,0,78
BRDA:100,0,1,25
BRDA:106,0,0,1
BRDA:106,0,1,24
BRDA:109,0,0,0
BRDA:109,0,1,25
BRDA:118,0,0,0
BRDA:118,0,1,24
BRDA:120,0,0,26
BRDA:120,0,1,24
BRDA:122,0,0,25
BRDA:122,0,1,1
BRDA:139,0,0,0
BRDA:139,0,1,1
BRDA:143,0,0,1
BRDA:143,0,1,1
BRDA:146,0,0,4
BRDA:146,0,1,1
BRDA:160,0,0,2
BRDA:160,0,1,11
BRDA:163,0,0,14
BRDA:163,0,1,11
BRDA:189,0,0,10
BRDA:189,0,1,9
BRDA:191,0,0,9
BRDA:191,0,1,1
BRDA:196,0,0,4
BRDA:196,0,1,1
BRDA:199,0,0,4
BRDA:199,0,1,1
BRDA:213,0,0,13
BRDA:213,0,1,13
BRDA:221,0,0,13
BRDA:221,0,1,13
BRDA:223,0,0,2
BRDA:223,0,1,11
BRDA:241,0,0,1
BRDA:241,0,1,18
BRDA:250,0,0,2
BRDA:250,0,1,6
BRDA:269,0,0,1
BRDA:269,0,1,6
BRDA:275,0,0,4
BRDA:275,0,1,2
BRDA:278,0,0,0
BRDA:278,0,1,2
BRDA:286,0,0,0
BRDA:286,0,1,4
BRDA:288,0,0,1
BRDA:288,0,1,1
BRDA:293,0,0,4
BRDA:293,0,1,0
BRDA:293,1,2,1
BRDA:293,1,3,3
BRDA:293,2,4,1
BRDA:293,2,5,2
BRDA:293,3,6,1
BRDA:293,3,7,1
BRDA:306,0,0,0
BRDA:306,0,1,3
BRDA:307,0,0,0
BRDA:307,0,1,3
BRDA:308,0,0,1
BRDA:308,0,1,2
BRDA:319,0,0,30
BRDA:319,0,1,28
BRDA:320,0,0,0
BRDA:320,0,1,30
BRDA:340,0,0,0
BRDA:340,0,1,5
BRDA:348,0,0,19
BRDA:348,0,1,3
BRDA:350,0,0,3
BRDA:350,0,1,0
BRDA:355,0,0,42
BRDA:355,0,1,24
BRDA:359,0,0,2
BRDA:359,0,1,18
BRDA:360,0,0,1
BRDA:360,0,1,1
BRDA:364,0,0,0
BRDA:364,0,1,19
BRDA:365,0,0,1
BRDA:365,0,1,18
BRDA:369,0,0,2
BRDA:369,0,1,17
BRDA:372,0,0,0
BRDA:372,0,1,2
BRDA:373,0,0,-
BRDA:373,0,1,-
BRDA:385,0,0,4
BRDA:385,0,1,2
BRDA:389,0,0,0
BRDA:389,0,1,17
BRDA:396,0,0,12
BRDA:396,0,1,5
BRDA:397,0,0,15
BRDA:397,0,1,12
BRDA:399,0,0,8
BRDA:399,0,1,7
BRDA:399,1,2,5
BRDA:399,1,3,2
BRDA:411,0,0,13
BRDA:411,0,1,17
BRDA:415,0,0,2
BRDA:415,0,1,17
BRDA:427,0,0,7
BRDA:427,0,1,10
BRDA:429,0,0,7
BRDA:429,0,1,7
BRDA:430,0,0,12
BRDA:430,0,1,2
BRDA:430,1,2,5
BRDA:430,1,3,2
BRDA:436,0,0,34
BRDA:436,0,1,17
BRDA:445,0,0,34
BRDA:445,0,1,17
BRDA:453,0,0,34
BRDA:453,0,1,17
BRF:132
BRH:115
DA:53,80
DA:54,80
DA:55,80
DA:56,54
DA:57,54
DA:58,26
DA:59,26
DA:60,26
DA:61,26
DA:62,80
DA:66,26
DA:67,26
DA:68,80
DA:69,80
DA:70,25
DA:71,25
DA:72,80
DA:73,26
DA:74,26
DA:79,8
DA:80,8
DA:81,8
DA:82,1
DA:83,1
DA:84,7
DA:85,8
DA:91,26
DA:92,26
DA:93,26
DA:94,26
DA:95,1
DA:96,1
DA:97,25
DA:98,25
DA:99,25
DA:100,78
DA:101,78
DA:102,78
DA:106,25
DA:107,1
DA:108,1
DA:109,25
DA:110,0
DA:111,0
DA:112,25
DA:113,26
DA:117,24
DA:118,24
DA:119,24
DA:120,26
DA:121,26
DA:122,26
DA:123,25
DA:124,25
DA:125,26
DA:126,24
DA:127,24
DA:134,1
DA:135,1
DA:136,1
DA:137,1
DA:138,1
DA:139,1
DA:140,0
DA:141,0
DA:142,1
DA:143,1
DA:144,1
DA:145,1
DA:146,4
DA:147,4
DA:148,4
DA:149,1
DA:150,1
DA:157,13
DA:158,13
DA:159,13
DA:160,13
DA:161,2
DA:162,2
DA:163,14
DA:166,14
DA:167,14
DA:168,11
DA:169,13
DA:184,19
DA:188,19
DA:189,19
DA:190,10
DA:191,10
DA:192,9
DA:193,9
DA:194,1
DA:195,1
DA:196,5
DA:197,4
DA:198,4
DA:199,4
DA:200,4
DA:201,4
DA:202,1
DA:203,10
DA:204,19
DA:205,19
DA:206,19
DA:207,19
DA:211,26
DA:212,26
DA:213,26
DA:214,13
DA:215,13
DA:216,13
DA:217,26
DA:220,13
DA:221,26
DA:223,13
DA:224,2
DA:225,2
DA:226,2
DA:227,13
DA:228,13
DA:240,19
DA:241,19
DA:242,19
DA:247,8
DA:248,8
DA:249,8
DA:250,8
DA:251,2
DA:252,2
DA:253,6
DA:254,6
DA:255,6
DA:256,6
DA:257,8
DA:268,7
DA:269,7
DA:270,1
DA:271,1
DA:272,6
DA:275,6
DA:276,6
DA:277,6
DA:278,2
DA:279,2
DA:280,2
DA:281,7
DA:285,2
DA:286,2
DA:287,2
DA:288,2
DA:289,1
DA:290,1
DA:291,1
DA:292,1
DA:293,4
DA:294,3
DA:295,3
DA:296,1
DA:297,2
DA:302,3
DA:303,3
DA:304,3
DA:305,3
DA:306,3
DA:307,3
DA:308,3
DA:309,1
DA:310,1
DA:311,2
DA:312,3
DA:316,28
DA:317,28
DA:318,28
DA:319,30
DA:320,30
DA:321,0
DA:322,0
DA:323,30
DA:324,30
DA:325,30
DA:326,30
DA:331,30
DA:332,30
DA:333,30
DA:334,30
DA:335,30
DA:336,28
DA:337,28
DA:339,5
DA:340,5
DA:341,5
DA:342,5
DA:346,22
DA:347,22
DA:348,22
DA:349,19
DA:350,19
DA:351,3
DA:352,3
DA:353,0
DA:354,0
DA:355,22
DA:358,20
DA:359,20
DA:360,2
DA:361,1
DA:362,1
DA:364,38
DA:365,38
DA:366,1
DA:367,1
DA:369,38
DA:371,2
DA:372,2
DA:373,0
DA:374,0
DA:375,0
DA:376,0
DA:377,2
DA:378,2
DA:380,2
DA:381,2
DA:382,2
DA:383,2
DA:384,2
DA:385,2
DA:386,2
DA:387,2
DA:389,38
DA:395,34
DA:396,34
DA:397,15
DA:398,15
DA:399,15
DA:400,13
DA:401,13
DA:402,15
DA:403,12
DA:408,34
DA:409,34
DA:410,34
DA:411,34
DA:412,13
DA:413,13
DA:414,34
DA:415,34
DA:416,2
DA:417,2
DA:419,34
DA:427,34
DA:428,7
DA:429,7
DA:430,7
DA:431,5
DA:432,5
DA:433,7
DA:434,7
DA:436,34
DA:443,17
DA:444,17
DA:445,17
DA:447,17
DA:448,17
DA:449,17
DA:450,17
DA:451,17
DA:452,17
DA:453,17
DA:454,17
DA:455,17
LH:259
LF:271
end_of_record
SF:carve/refresh/refresh.h
FNF:0
FNH:0
LH:0
LF:0
end_of_record
SF:carve/scan_deps/scan_deps.cc
FNF:0
FNH:0
LH:0
LF:0
end_of_record
SF:carve/scan_deps/scan_deps.h
FNF:0
FNH:0
LH:0
LF:0
end_of_record
SF:carve/shard/shard.cc
FN:32,_ZN5carve5shard10BuildShardERKNS0_7OptionsE
FN:91,_ZN5carve5shard8RunShardERKNS0_11FileOptionsE
FNDA:7,_ZN5carve5shard10BuildShardERKNS0_7OptionsE
FNDA:3,_ZN5carve5shard8RunShardERKNS0_11FileOptionsE
FNF:2
FNH:2
BRDA:34,0,0,0
BRDA:34,0,1,7
BRDA:34,1,2,1
BRDA:34,1,3,6
BRDA:42,0,0,22
BRDA:42,0,1,7
BRDA:48,0,0,2
BRDA:48,0,1,5
BRDA:51,0,0,1
BRDA:51,0,1,6
BRDA:59,0,0,3
BRDA:59,0,1,4
BRDA:62,0,0,2
BRDA:62,0,1,1
BRDA:63,0,0,3
BRDA:63,0,1,2
BRDA:78,0,0,2
BRDA:78,0,1,5
BRDA:79,0,0,4
BRDA:79,0,1,2
BRDA:85,0,0,6
BRDA:85,0,1,1
BRDA:85,1,2,5
BRDA:85,1,3,1
BRDA:92,0,0,1
BRDA:92,0,1,2
BRDA:96,0,0,6
BRDA:96,0,1,2
BRDA:102,0,0,1
BRDA:102,0,1,1
BRDA:103,0,0,0
BRDA:103,0,1,1
BRF:32
BRH:30
DA:32,7
DA:33,7
DA:34,7
DA:35,1
DA:36,1
DA:38,7
DA:39,7
DA:40,7
DA:41,7
DA:42,22
DA:43,22
DA:44,22
DA:48,7
DA:49,2
DA:50,2
DA:51,7
DA:52,1
DA:53,1
DA:58,7
DA:59,7
DA:60,3
DA:61,3
DA:62,3
DA:63,3
DA:66,3
DA:67,3
DA:68,2
DA:69,1
DA:70,1
DA:71,3
DA:78,7
DA:79,4
DA:80,4
DA:81,4
DA:82,2
DA:83,2
DA:85,7
DA:86,5
DA:87,5
DA:88,7
DA:89,7
DA:91,3
DA:92,3
DA:95,2
DA:96,6
DA:97,6
DA:98,6
DA:101,2
DA:102,2
DA:103,1
DA:104,1
DA:105,1
DA:107,2
DA:108,2
DA:109,2
DA:110,2
DA:111,2
DA:112,2
DA:113,2
DA:114,2
DA:115,2
DA:116,2
DA:117,2
DA:118,2
DA:119,2
DA:120,2
DA:121,2
DA:122,2
LH:68
LF:68
end_of_record
SF:carve/shard/shard.h
FNF:0
FNH:0
LH:0
LF:0
end_of_record
SF:carve/sidecar/sidecar.cc
FN:108,_ZN5carve7sidecar12MergeRecordsERKNS_13ActionRecordsES3_St17basic_string_viewIcSt11char_traitsIcEERKN4absl12lts_2026081713flat_hash_setIS7_NS9_18container_internal10StringHashENSB_8StringEqESaIS7_EEE
FN:73,_ZN5carve7sidecar14DiffActionKeysERKNS_13ActionRecordsEN4absl12lts_202608174SpanIKNSt7__cxx1112basic_stringIcSt11char_traitsIcESaIcEEEEE
FN:54,_ZN5carve7sidecar15LoadHeaderIndexERKNSt10filesystem7__cxx114pathE
FN:69,_ZN5carve7sidecar15SaveHeaderIndexERKNSt10filesystem7__cxx114pathERKNS_11HeaderIndexE
FN:154,_ZN5carve7sidecar16BuildHeaderIndexERKNS_13ActionRecordsE
FN:144,_ZN5carve7sidecar18FindReusableRecordERKNS_13ActionRecordsERKNS_12ActionRecordESt17basic_string_viewIcSt11char_traitsIcEE
FN:35,_ZN5carve7sidecar4LoadERKNSt10filesystem7__cxx114pathE
FN:50,_ZN5carve7sidecar4SaveERKNSt10filesystem7__cxx114pathERKNS_13ActionRecordsE
FN:98,sidecar.cc:_ZN5carve7sidecar12_GLOBAL__N_111SameCommandERKNS_12ActionRecordES4_
FN:132,sidecar.cc:_ZZN5carve7sidecar12MergeRecordsERKNS_13ActionRecordsES3_St17basic_string_viewIcSt11char_traitsIcEERKN4absl12lts_2026081713flat_hash_setIS7_NS9_18container_internal10StringHashENSB_8StringEqESaIS7_EEEENK3$_0clEPKNS_12ActionRecordESL_
FNDA:24,_ZN5carve7sidecar12MergeRecordsERKNS_13ActionRecordsES3_St17basic_string_viewIcSt11char_traitsIcEERKN4absl12lts_2026081713flat_hash_setIS7_NS9_18container_internal10StringHashENSB_8StringEqESaIS7_EEE
FNDA:2,_ZN5carve7sidecar14DiffActionKeysERKNS_13ActionRecordsEN4absl12lts_202608174SpanIKNSt7__cxx1112basic_stringIcSt11char_traitsIcESaIcEEEEE
FNDA:6,_ZN5carve7sidecar15LoadHeaderIndexERKNSt10filesystem7__cxx114pathE
FNDA:22,_ZN5carve7sidecar15SaveHeaderIndexERKNSt10filesystem7__cxx114pathERKNS_11HeaderIndexE
FNDA:23,_ZN5carve7sidecar16BuildHeaderIndexERKNS_13ActionRecordsE
FNDA:19,_ZN5carve7sidecar18FindReusableRecordERKNS_13ActionRecordsERKNS_12ActionRecordESt17basic_string_viewIcSt11char_traitsIcEE
FNDA:44,_ZN5carve7sidecar4LoadERKNSt10filesystem7__cxx114pathE
FNDA:35,_ZN5carve7sidecar4SaveERKNSt10filesystem7__cxx114pathERKNS_13ActionRecordsE
FNDA:25,sidecar.cc:_ZN5carve7sidecar12_GLOBAL__N_111SameCommandERKNS_12ActionRecordES4_
FNDA:9,sidecar.cc:_ZZN5carve7sidecar12MergeRecordsERKNS_13ActionRecordsES3_St17basic_string_viewIcSt11char_traitsIcEERKN4absl12lts_2026081713flat_hash_setIS7_NS9_18container_internal10StringHashENSB_8StringEqESaIS7_EEEENK3$_0clEPKNS_12ActionRecordESL_
FNF:10
FNH:10
BRDA:37,0,0,10
BRDA:37,0,1,34
BRDA:38,0,0,10
BRDA:38,0,1,0
BRDA:44,0,0,1
BRDA:44,0,1,33
BRDA:56,0,0,1
BRDA:56,0,1,5
BRDA:57,0,0,1
BRDA:57,0,1,0
BRDA:63,0,0,1
BRDA:63,0,1,4
BRDA:76,0,0,2
BRDA:76,0,1,2
BRDA:82,0,0,4
BRDA:82,0,1,2
BRDA:83,0,0,1
BRDA:83,0,1,3
BRDA:85,0,0,2
BRDA:85,0,1,2
BRDA:86,0,0,1
BRDA:86,0,1,1
BRDA:113,0,0,20
BRDA:113,0,1,24
BRDA:114,0,0,18
BRDA:114,0,1,2
BRDA:121,0,0,28
BRDA:121,0,1,24
BRDA:123,0,0,23
BRDA:123,0,1,33
BRDA:123,1,2,13
BRDA:123,1,3,3
BRDA:123,2,4,7
BRDA:123,2,5,6
BRDA:133,0,0,2
BRDA:133,0,1,7
BRDA:145,0,0,11
BRDA:145,0,1,11
BRDA:146,0,0,10
BRDA:146,0,1,1
BRDA:146,1,2,9
BRDA:146,1,3,1
BRDA:147,0,0,8
BRDA:147,0,1,1
BRDA:159,0,0,27
BRDA:159,0,1,23
BRDA:160,0,0,24
BRDA:160,0,1,27
BRDA:167,0,0,22
BRDA:167,0,1,23
BRDA:170,0,0,24
BRDA:170,0,1,22
BRF:52
BRH:50
DA:35,44
DA:36,44
DA:37,44
DA:38,10
DA:39,10
DA:40,10
DA:41,0
DA:42,10
DA:43,34
DA:44,34
DA:45,1
DA:46,1
DA:47,33
DA:48,34
DA:50,35
DA:51,35
DA:52,35
DA:54,6
DA:55,6
DA:56,6
DA:57,1
DA:58,1
DA:59,1
DA:60,0
DA:61,1
DA:62,5
DA:63,5
DA:64,1
DA:65,1
DA:66,4
DA:67,5
DA:69,22
DA:70,22
DA:71,22
DA:73,2
DA:74,2
DA:75,2
DA:76,2
DA:77,2
DA:78,2
DA:79,2
DA:81,2
DA:82,4
DA:83,4
DA:84,4
DA:85,2
DA:86,2
DA:87,1
DA:88,1
DA:89,2
DA:90,2
DA:91,2
DA:92,2
DA:93,2
DA:94,2
DA:98,25
DA:99,25
DA:100,25
DA:108,24
DA:109,24
DA:112,24
DA:113,27
DA:114,20
DA:115,18
DA:116,18
DA:117,2
DA:118,2
DA:119,20
DA:121,28
DA:122,28
DA:123,28
DA:124,7
DA:125,21
DA:126,21
DA:127,21
DA:128,28
DA:130,24
DA:131,24
DA:132,24
DA:133,9
DA:134,2
DA:135,2
DA:136,7
DA:137,9
DA:138,24
DA:139,24
DA:144,19
DA:145,19
DA:146,11
DA:147,9
DA:148,8
DA:149,8
DA:150,11
DA:151,11
DA:152,19
DA:154,23
DA:158,23
DA:159,27
DA:160,28
DA:161,24
DA:162,24
DA:163,27
DA:165,23
DA:166,23
DA:167,24
DA:168,22
DA:169,22
DA:170,24
DA:171,24
DA:172,24
DA:173,22
DA:174,23
DA:175,23
LH:111
LF:113
end_of_record
SF:carve/sidecar/sidecar.h
FNF:0
FNH:0
LH:0
LF:0
end_of_record
