SF:carve/aggregate/aggregate.cc
FN:81,_ZN5carve9aggregate12RunAggregateEN4absl12lts_202608174SpanIKNSt10filesystem7__cxx114pathEEERS7_St17basic_string_viewIcSt11char_traitsIcEE
FN:35,_ZN5carve9aggregate7CombineEN4absl12lts_202608174SpanIKNS_13ActionRecordsEEE
FN:66,aggregate.cc:_ZZN5carve9aggregate7CombineEN4absl12lts_202608174SpanIKNS_13ActionRecordsEEEENK3$_0clEPKNS_12ActionRecordESA_
FNDA:5,_ZN5carve9aggregate12RunAggregateEN4absl12lts_202608174SpanIKNSt10filesystem7__cxx114pathEEERS7_St17basic_string_viewIcSt11char_traitsIcEE
FNDA:11,_ZN5carve9aggregate7CombineEN4absl12lts_202608174SpanIKNS_13ActionRecordsEEE
FNDA:4,aggregate.cc:_ZZN5carve9aggregate7CombineEN4absl12lts_202608174SpanIKNS_13ActionRecordsEEEENK3$_0clEPKNS_12ActionRecordESA_
FNF:3
FNH:3
BRDA:39,0,0,17
BRDA:39,0,1,10
BRDA:40,0,0,1
BRDA:40,0,1,16
BRDA:49,0,0,17
BRDA:49,0,1,11
BRDA:50,0,0,14
BRDA:50,0,1,17
BRDA:52,0,0,2
BRDA:52,0,1,12
BRDA:52,1,2,1
BRDA:52,1,3,1
BRDA:61,0,0,12
BRDA:61,0,1,11
BRDA:67,0,0,1
BRDA:67,0,1,3
BRDA:72,0,0,12
BRDA:72,0,1,11
BRDA:84,0,0,7
BRDA:84,0,1,5
BRDA:85,0,0,0
BRDA:85,0,1,7
BRDA:91,0,0,10
BRDA:91,0,1,5
BRDA:102,0,0,10
BRDA:102,0,1,5
BRF:26
BRH:25
DA:35,11
DA:36,11
DA:39,17
DA:40,17
DA:41,1
DA:42,1
DA:43,1
DA:44,17
DA:48,11
DA:49,17
DA:50,17
DA:51,14
DA:52,14
DA:53,1
DA:54,1
DA:55,14
DA:56,17
DA:59,11
DA:60,11
DA:61,12
DA:62,12
DA:63,12
DA:66,11
DA:67,4
DA:68,1
DA:69,1
DA:70,3
DA:71,4
DA:72,12
DA:73,12
DA:74,12
DA:75,11
DA:76,11
DA:81,5
DA:82,5
DA:83,5
DA:84,7
DA:85,7
DA:86,7
DA:87,7
DA:89,5
DA:90,5
DA:91,5
DA:101,5
DA:102,5
DA:103,5
DA:104,5
LF:47
LH:47
end_of_record
SF:carve/aggregate/aggregate.h
FNF:0
FNH:0
BRF:0
BRH:0
LF:0
LH:0
end_of_record
SF:carve/aquery/aquery.cc
FN:115,_ZN5carve6aquery19ParseCompileActionsESt17basic_string_viewIcSt11char_traitsIcEE
FN:92,aquery.cc:_ZN5carve6aquery12_GLOBAL__N_111ResolvePathB5cxx11EjRKN4absl12lts_2026081713flat_hash_mapIjPKN8analysis12PathFragmentENS3_13hash_internal4HashIjEESt8equal_toIjESaISt4pairIKjS8_EEEE
FN:47,aquery.cc:_ZN5carve6aquery12_GLOBAL__N_116ExpandParamFilesB5cxx11ERKN8analysis6ActionE
FN:36,aquery.cc:_ZN5carve6aquery12_GLOBAL__N_117IsCompileMnemonicESt17basic_string_viewIcSt11char_traitsIcEE
FNDA:33,_ZN5carve6aquery19ParseCompileActionsESt17basic_string_viewIcSt11char_traitsIcEE
FNDA:3,aquery.cc:_ZN5carve6aquery12_GLOBAL__N_111ResolvePathB5cxx11EjRKN4absl12lts_2026081713flat_hash_mapIjPKN8analysis12PathFragmentENS3_13hash_internal4HashIjEESt8equal_toIjESaISt4pairIKjS8_EEEE
FNDA:33,aquery.cc:_ZN5carve6aquery12_GLOBAL__N_116ExpandParamFilesB5cxx11ERKN8analysis6ActionE
FNDA:34,aquery.cc:_ZN5carve6aquery12_GLOBAL__N_117IsCompileMnemonicESt17basic_string_viewIcSt11char_traitsIcEE
FNF:4
FNH:4
BRDA:48,0,0,32
BRDA:48,0,1,1
BRDA:53,0,0,1
BRDA:53,0,1,1
BRDA:65,0,0,8
BRDA:65,0,1,1
BRDA:66,0,0,2
BRDA:66,0,1,6
BRDA:72,0,0,6
BRDA:72,0,1,0
BRDA:72,1,2,1
BRDA:72,1,3,5
BRDA:72,2,4,1
BRDA:72,2,5,0
BRDA:74,0,0,1
BRDA:74,0,1,0
BRDA:95,0,0,7
BRDA:95,0,1,0
BRDA:95,1,2,5
BRDA:95,1,3,2
BRDA:97,0,0,1
BRDA:97,0,1,4
BRDA:104,0,0,4
BRDA:104,0,1,3
BRDA:105,0,0,2
BRDA:105,0,1,2
BRDA:117,0,0,1
BRDA:117,0,1,32
BRDA:123,0,0,4
BRDA:123,0,1,32
BRDA:129,0,0,3
BRDA:129,0,1,32
BRDA:134,0,0,34
BRDA:134,0,1,32
BRDA:135,0,0,1
BRDA:135,0,1,33
BRDA:143,0,0,3
BRDA:143,0,1,30
BRF:38
BRH:34
DA:36,34
DA:37,34
DA:38,34
DA:39,34
DA:40,34
DA:47,33
DA:48,33
DA:49,32
DA:50,32
DA:51,1
DA:52,1
DA:53,1
DA:54,1
DA:55,1
DA:57,1
DA:58,1
DA:59,1
DA:61,1
DA:62,1
DA:63,1
DA:64,1
DA:65,9
DA:66,8
DA:67,2
DA:68,2
DA:69,2
DA:70,6
DA:71,6
DA:72,6
DA:73,1
DA:74,1
DA:75,1
DA:76,1
DA:77,1
DA:78,1
DA:79,1
DA:80,1
DA:81,1
DA:82,5
DA:83,5
DA:84,1
DA:85,33
DA:92,3
DA:93,3
DA:94,3
DA:95,7
DA:96,5
DA:97,5
DA:98,1
DA:99,1
DA:100,4
DA:101,4
DA:102,4
DA:103,3
DA:104,4
DA:105,4
DA:106,2
DA:107,2
DA:108,4
DA:109,4
DA:110,3
DA:111,3
DA:115,33
DA:116,33
DA:117,33
DA:118,1
DA:119,1
DA:121,32
DA:122,32
DA:123,32
DA:124,4
DA:125,4
DA:127,32
DA:128,32
DA:129,32
DA:130,3
DA:131,3
DA:133,32
DA:134,34
DA:135,34
DA:136,1
DA:137,1
DA:138,33
DA:139,33
DA:140,33
DA:141,33
DA:142,33
DA:143,33
DA:144,3
DA:145,3
DA:146,33
DA:147,33
DA:148,32
DA:149,33
LF:94
LH:94
end_of_record
SF:carve/aquery/aquery.h
FNF:0
FNH:0
BRF:0
BRH:0
LF:0
LH:0
end_of_record
SF:carve/carve.cc
FN:117,carve.cc:_ZN12_GLOBAL__N_110PrintErrorESt17basic_string_viewIcSt11char_traitsIcEE
FN:124,carve.cc:_ZN12_GLOBAL__N_117MakeXcodeResolverEv
FN:189,carve.cc:_ZN12_GLOBAL__N_117RunPruneFromFlagsEv
FN:219,carve.cc:_ZN12_GLOBAL__N_117RunShardFromFlagsEv
FN:150,carve.cc:_ZN12_GLOBAL__N_119RunRefreshFromFlagsEv
FN:201,carve.cc:_ZN12_GLOBAL__N_121RunAggregateFromFlagsEv
FN:266,carve.cc:_ZN12_GLOBAL__N_18RealMainEiPPc
FN:258,carve.cc:_ZZN12_GLOBAL__N_117RunShardFromFlagsEvENK3$_0clEv
FN:171,carve.cc:_ZZN12_GLOBAL__N_119RunRefreshFromFlagsEvENK3$_0clEv
FN:309,main
FNDA:5,carve.cc:_ZN12_GLOBAL__N_110PrintErrorESt17basic_string_viewIcSt11char_traitsIcEE
FNDA:4,carve.cc:_ZN12_GLOBAL__N_117MakeXcodeResolverEv
FNDA:1,carve.cc:_ZN12_GLOBAL__N_117RunPruneFromFlagsEv
FNDA:2,carve.cc:_ZN12_GLOBAL__N_117RunShardFromFlagsEv
FNDA:3,carve.cc:_ZN12_GLOBAL__N_119RunRefreshFromFlagsEv
FNDA:2,carve.cc:_ZN12_GLOBAL__N_121RunAggregateFromFlagsEv
FNDA:10,carve.cc:_ZN12_GLOBAL__N_18RealMainEiPPc
FNDA:1,carve.cc:_ZZN12_GLOBAL__N_117RunShardFromFlagsEvENK3$_0clEv
FNDA:0,carve.cc:_ZZN12_GLOBAL__N_119RunRefreshFromFlagsEvENK3$_0clEv
FNDA:11,main
FNF:10
FNH:9
BRDA:153,0,0,3
BRDA:153,0,1,0
BRDA:159,0,0,3
BRDA:159,0,1,0
BRDA:175,0,0,1
BRDA:175,0,1,2
BRDA:178,0,0,2
BRDA:178,0,1,0
BRDA:192,0,0,0
BRDA:192,0,1,1
BRDA:203,0,0,1
BRDA:203,0,1,2
BRDA:206,0,0,1
BRDA:206,0,1,1
BRDA:209,0,0,0
BRDA:209,0,1,1
BRDA:224,0,0,1
BRDA:224,0,1,1
BRDA:224,1,2,0
BRDA:224,1,3,1
BRDA:224,2,4,0
BRDA:224,2,5,1
BRDA:224,3,6,0
BRDA:224,3,7,1
BRDA:231,0,0,0
BRDA:231,0,1,1
BRDA:239,0,0,1
BRDA:239,0,1,0
BRDA:239,1,2,1
BRDA:239,1,3,0
BRDA:240,0,0,0
BRDA:240,0,1,1
BRDA:256,0,0,0
BRDA:256,0,1,1
BRDA:261,0,0,2
BRDA:261,0,1,1
BRDA:272,0,0,1
BRDA:272,0,1,9
BRDA:279,0,0,1
BRDA:279,0,1,8
BRDA:286,0,0,0
BRDA:286,0,1,8
BRDA:294,0,0,3
BRDA:294,0,1,5
BRDA:295,0,0,1
BRDA:295,0,1,7
BRDA:296,0,0,2
BRDA:296,0,1,6
BRDA:297,0,0,2
BRDA:297,0,1,6
BRDA:298,0,0,0
BRDA:298,0,1,8
BRDA:300,0,0,3
BRDA:300,0,1,5
BRF:54
BRH:39
DA:109,0
DA:110,0
DA:111,0
DA:112,0
DA:113,0
DA:114,0
DA:115,0
DA:116,0
DA:117,5
DA:118,5
DA:119,5
DA:124,4
DA:144,4
DA:145,4
DA:146,4
DA:150,3
DA:151,3
DA:152,3
DA:153,3
DA:154,3
DA:155,3
DA:158,3
DA:159,3
DA:160,3
DA:161,3
DA:162,3
DA:163,3
DA:164,3
DA:165,3
DA:166,3
DA:167,3
DA:168,3
DA:169,3
DA:170,3
DA:171,3
DA:172,3
DA:173,3
DA:174,3
DA:175,3
DA:176,2
DA:177,2
DA:178,2
DA:179,2
DA:180,2
DA:181,2
DA:182,2
DA:183,2
DA:184,2
DA:185,3
DA:189,1
DA:190,1
DA:191,1
DA:192,1
DA:193,1
DA:194,1
DA:195,1
DA:196,1
DA:201,2
DA:202,2
DA:203,2
DA:204,1
DA:205,1
DA:206,2
DA:207,1
DA:208,1
DA:209,2
DA:210,1
DA:211,1
DA:212,1
DA:213,1
DA:214,1
DA:215,1
DA:219,2
DA:220,2
DA:221,2
DA:222,2
DA:223,2
DA:224,2
DA:225,1
DA:226,1
DA:230,1
DA:231,1
DA:232,0
DA:233,0
DA:237,1
DA:238,1
DA:239,1
DA:240,1
DA:241,0
DA:242,0
DA:243,0
DA:244,0
DA:245,1
DA:247,1
DA:248,1
DA:249,1
DA:250,1
DA:251,1
DA:252,1
DA:253,1
DA:254,1
DA:255,1
DA:256,1
DA:257,1
DA:258,1
DA:259,1
DA:260,1
DA:261,1
DA:262,1
DA:263,1
DA:264,1
DA:266,10
DA:267,10
DA:268,10
DA:272,10
DA:273,1
DA:274,1
DA:275,1
DA:276,1
DA:278,9
DA:279,9
DA:280,1
DA:281,1
DA:282,1
DA:284,8
DA:285,8
DA:286,8
DA:287,0
DA:288,0
DA:292,8
DA:293,8
DA:294,3
DA:295,1
DA:296,2
DA:297,2
DA:298,0
DA:299,8
DA:300,8
DA:301,3
DA:302,3
DA:303,3
DA:304,5
DA:305,8
DA:309,11
DA:310,11
DA:311,11
LF:146
LH:129
end_of_record
SF:carve/carve_aggregate.cc
FNF:0
FNH:0
BRF:0
BRH:0
LF:0
LH:0
end_of_record
SF:carve/carve_shard.cc
FNF:0
FNH:0
BRF:0
BRH:0
LF:0
LH:0
end_of_record
SF:carve/cdb/cdb.cc
FN:120,_ZN5carve3cdb5WriteERKNSt10filesystem7__cxx114pathEN4absl12lts_202608174SpanIKNS0_14CompileCommandEEE
FN:77,_ZN5carve3cdb6ToJsonB5cxx11EN4absl12lts_202608174SpanIKNS0_14CompileCommandEEE
FN:33,cdb.cc:_ZN5carve3cdb12_GLOBAL__N_116AppendJsonStringERNSt7__cxx1112basic_stringIcSt11char_traitsIcESaIcEEESt17basic_string_viewIcS5_E
FN:69,cdb.cc:_ZN5carve3cdb12_GLOBAL__N_19AppendKeyERNSt7__cxx1112basic_stringIcSt11char_traitsIcESaIcEEESt17basic_string_viewIcS5_ESA_
FNDA:27,_ZN5carve3cdb5WriteERKNSt10filesystem7__cxx114pathEN4absl12lts_202608174SpanIKNS0_14CompileCommandEEE
FNDA:35,_ZN5carve3cdb6ToJsonB5cxx11EN4absl12lts_202608174SpanIKNS0_14CompileCommandEEE
FNDA:297,cdb.cc:_ZN5carve3cdb12_GLOBAL__N_116AppendJsonStringERNSt7__cxx1112basic_stringIcSt11char_traitsIcESaIcEEESt17basic_string_viewIcS5_E
FNDA:115,cdb.cc:_ZN5carve3cdb12_GLOBAL__N_19AppendKeyERNSt7__cxx1112basic_stringIcSt11char_traitsIcESaIcEEESt17basic_string_viewIcS5_ESA_
FNF:4
FNH:4
BRDA:42,0,0,2807
BRDA:42,0,1,297
BRDA:45,0,0,1
BRDA:45,0,1,2806
BRDA:46,0,0,1
BRDA:46,0,1,2806
BRDA:47,0,0,1
BRDA:47,0,1,2806
BRDA:48,0,0,1
BRDA:48,0,1,2806
BRDA:49,0,0,1
BRDA:49,0,1,2806
BRDA:50,0,0,1
BRDA:50,0,1,2806
BRDA:51,0,0,1
BRDA:51,0,1,2806
BRDA:52,0,0,2800
BRDA:52,0,1,7
BRDA:53,0,0,1
BRDA:53,0,1,2799
BRDA:78,0,0,2
BRDA:78,0,1,33
BRDA:82,0,0,39
BRDA:82,0,1,33
BRDA:95,0,0,34
BRDA:95,0,1,5
BRDA:99,0,0,101
BRDA:99,0,1,34
BRDA:102,0,0,67
BRDA:102,0,1,34
BRDA:107,0,0,3
BRDA:107,0,1,36
BRDA:114,0,0,6
BRDA:114,0,1,33
BRF:34
BRH:34
DA:33,297
DA:36,297
DA:37,297
DA:38,297
DA:39,297
DA:40,297
DA:41,297
DA:42,2807
DA:43,2807
DA:44,2807
DA:45,1
DA:46,1
DA:47,1
DA:48,1
DA:49,1
DA:50,1
DA:51,1
DA:52,2800
DA:53,2800
DA:55,1
DA:56,1
DA:57,1
DA:58,2799
DA:59,2799
DA:60,2799
DA:61,2800
DA:62,2807
DA:63,2807
DA:64,297
DA:65,297
DA:69,115
DA:70,115
DA:71,115
DA:72,115
DA:73,115
DA:77,35
DA:78,35
DA:79,2
DA:80,2
DA:81,33
DA:82,72
DA:85,39
DA:86,39
DA:88,39
DA:89,39
DA:90,39
DA:92,39
DA:93,39
DA:95,39
DA:96,34
DA:97,34
DA:98,34
DA:99,135
DA:100,101
DA:101,101
DA:102,101
DA:103,101
DA:104,34
DA:105,34
DA:107,39
DA:108,3
DA:109,3
DA:110,3
DA:111,3
DA:113,39
DA:114,39
DA:115,39
DA:116,33
DA:117,33
DA:118,35
DA:120,27
DA:121,27
DA:122,27
LF:73
LH:73
end_of_record
SF:carve/cdb/cdb.h
FNF:0
FNH:0
BRF:0
BRH:0
LF:0
LH:0
end_of_record
SF:carve/cdb/json_matcher.h
FN:48,_ZN5carve3cdb21json_matcher_internal13EqJsonMatcherC2ESt17basic_string_viewIcSt11char_traitsIcEE
FN:37,_ZN5carve3cdb21json_matcher_internal14ParseJsonValueESt17basic_string_viewIcSt11char_traitsIcEERN6google8protobuf5ValueE
FN:109,_ZN5carve3cdb6EqJsonB5cxx11ESt17basic_string_viewIcSt11char_traitsIcEE
FN:50,_ZNK5carve3cdb21json_matcher_internal13EqJsonMatcher10DescribeToEPSo
FN:54,_ZNK5carve3cdb21json_matcher_internal13EqJsonMatcher15MatchAndExplainENSt7__cxx1112basic_stringIcSt11char_traitsIcESaIcEEEPN7testing19MatchResultListenerE
FN:52,_ZNK5carve3cdb21json_matcher_internal13EqJsonMatcher18DescribeNegationToEPSo
FNDA:30,_ZN5carve3cdb21json_matcher_internal13EqJsonMatcherC2ESt17basic_string_viewIcSt11char_traitsIcEE
FNDA:60,_ZN5carve3cdb21json_matcher_internal14ParseJsonValueESt17basic_string_viewIcSt11char_traitsIcEERN6google8protobuf5ValueE
FNDA:30,_ZN5carve3cdb6EqJsonB5cxx11ESt17basic_string_viewIcSt11char_traitsIcEE
FNDA:1,_ZNK5carve3cdb21json_matcher_internal13EqJsonMatcher10DescribeToEPSo
FNDA:32,_ZNK5carve3cdb21json_matcher_internal13EqJsonMatcher15MatchAndExplainENSt7__cxx1112basic_stringIcSt11char_traitsIcESaIcEEEPN7testing19MatchResultListenerE
FNDA:1,_ZNK5carve3cdb21json_matcher_internal13EqJsonMatcher18DescribeNegationToEPSo
FNF:6
FNH:6
BRDA:57,0,0,4
BRDA:57,0,1,28
BRDA:65,0,0,2
BRDA:65,0,1,26
BRDA:74,0,0,12
BRDA:74,0,1,14
BRF:6
BRH:6
DA:37,60
DA:38,60
DA:39,60
DA:48,30
DA:50,1
DA:52,1
DA:54,32
DA:55,32
DA:56,32
DA:57,32
DA:58,4
DA:59,4
DA:60,4
DA:61,4
DA:63,28
DA:64,28
DA:65,28
DA:66,2
DA:67,2
DA:68,2
DA:69,2
DA:71,26
DA:72,26
DA:73,26
DA:74,26
DA:75,12
DA:76,12
DA:77,12
DA:78,12
DA:79,12
DA:80,12
DA:81,14
DA:82,26
DA:109,30
DA:110,30
DA:111,30
LF:36
LH:36
end_of_record
SF:carve/cli/cli.cc
FN:27,_ZN5carve3cli14SubcommandNameENS0_10SubcommandE
FN:37,_ZN5carve3cli15ParseSubcommandESt17basic_string_viewIcSt11char_traitsIcEE
FN:53,_ZN5carve3cli8DispatchENS0_10SubcommandEN4absl12lts_202608174SpanIKSt17basic_string_viewIcSt11char_traitsIcEEEE
FNDA:5,_ZN5carve3cli14SubcommandNameENS0_10SubcommandE
FNDA:19,_ZN5carve3cli15ParseSubcommandESt17basic_string_viewIcSt11char_traitsIcEE
FNDA:1,_ZN5carve3cli8DispatchENS0_10SubcommandEN4absl12lts_202608174SpanIKSt17basic_string_viewIcSt11char_traitsIcEEEE
FNF:3
FNH:3
BRDA:28,0,0,5
BRDA:28,0,1,0
BRDA:29,0,0,2
BRDA:29,0,1,3
BRDA:30,0,0,1
BRDA:30,0,1,4
BRDA:31,0,0,1
BRDA:31,0,1,4
BRDA:32,0,0,1
BRDA:32,0,1,4
BRDA:38,0,0,5
BRDA:38,0,1,14
BRDA:41,0,0,4
BRDA:41,0,1,10
BRDA:44,0,0,4
BRDA:44,0,1,6
BRDA:47,0,0,3
BRDA:47,0,1,3
BRF:18
BRH:17
DA:27,5
DA:28,5
DA:29,2
DA:30,1
DA:31,1
DA:32,1
DA:33,5
DA:34,0
DA:35,5
DA:37,19
DA:38,19
DA:39,5
DA:40,5
DA:41,14
DA:42,4
DA:43,4
DA:44,10
DA:45,4
DA:46,4
DA:47,6
DA:48,3
DA:49,3
DA:50,3
DA:51,6
DA:53,1
DA:54,1
DA:55,1
DA:56,1
LF:28
LH:27
end_of_record
SF:carve/cli/cli.h
FNF:0
FNH:0
BRF:0
BRH:0
LF:0
LH:0
end_of_record
SF:carve/command/command.cc
FN:106,_ZN5carve7command20RelativizeToExecrootB5cxx11ESt17basic_string_viewIcSt11char_traitsIcEES4_
FN:120,_ZN5carve7command21ParseMakeDependenciesB5cxx11ESt17basic_string_viewIcSt11char_traitsIcEE
FN:90,_ZN5carve7command24ResolveXcodePlaceholdersEN4absl12lts_202608174SpanIKNSt7__cxx1112basic_stringIcSt11char_traitsIcESaIcEEEEESt17basic_string_viewIcS7_ESD_
FN:60,_ZN5carve7command7DeBazelEN4absl12lts_202608174SpanIKNSt7__cxx1112basic_stringIcSt11char_traitsIcESaIcEEEEE
FN:54,command.cc:_ZN5carve7command12_GLOBAL__N_18IsCcacheESt17basic_string_viewIcSt11char_traitsIcEE
FN:73,command.cc:_ZZN5carve7command7DeBazelEN4absl12lts_202608174SpanIKNSt7__cxx1112basic_stringIcSt11char_traitsIcESaIcEEEEEENK3$_0clESt17basic_string_viewIcS7_E
FNDA:26,_ZN5carve7command20RelativizeToExecrootB5cxx11ESt17basic_string_viewIcSt11char_traitsIcEES4_
FNDA:8,_ZN5carve7command21ParseMakeDependenciesB5cxx11ESt17basic_string_viewIcSt11char_traitsIcEE
FNDA:4,_ZN5carve7command24ResolveXcodePlaceholdersEN4absl12lts_202608174SpanIKNSt7__cxx1112basic_stringIcSt11char_traitsIcESaIcEEEEESt17basic_string_viewIcS7_ESD_
FNDA:50,_ZN5carve7command7DeBazelEN4absl12lts_202608174SpanIKNSt7__cxx1112basic_stringIcSt11char_traitsIcESaIcEEEEE
FNDA:49,command.cc:_ZN5carve7command12_GLOBAL__N_18IsCcacheESt17basic_string_viewIcSt11char_traitsIcEE
FNDA:322,command.cc:_ZZN5carve7command7DeBazelEN4absl12lts_202608174SpanIKNSt7__cxx1112basic_stringIcSt11char_traitsIcESaIcEEEEEENK3$_0clESt17basic_string_viewIcS7_E
FNF:6
FNH:6
BRDA:63,0,0,170
BRDA:63,0,1,50
BRDA:69,0,0,49
BRDA:69,0,1,121
BRDA:69,1,2,2
BRDA:69,1,3,47
BRDA:72,0,0,15
BRDA:72,0,1,321
BRDA:73,0,0,3
BRDA:73,0,1,159
BRDA:76,0,0,4
BRDA:76,0,1,155
BRDA:77,0,0,3
BRDA:77,0,1,1
BRDA:92,0,0,2
BRDA:92,0,1,2
BRDA:95,0,0,3
BRDA:95,0,1,1
BRDA:100,0,0,15
BRDA:100,0,1,4
BRDA:101,0,0,3
BRDA:101,0,1,12
BRDA:108,0,0,2
BRDA:108,0,1,24
BRDA:108,1,2,14
BRDA:108,1,3,10
BRDA:114,0,0,2
BRDA:114,0,1,18
BRDA:114,1,2,2
BRDA:114,1,3,8
BRDA:122,0,0,2
BRDA:122,0,1,6
BRDA:125,0,0,658
BRDA:125,0,1,8
BRDA:127,0,0,7
BRDA:127,0,1,651
BRDA:127,1,2,7
BRDA:127,1,3,0
BRDA:129,0,0,5
BRDA:129,0,1,2
BRDA:129,1,2,0
BRDA:129,1,3,2
BRDA:133,0,0,2
BRDA:133,0,1,0
BRDA:139,0,0,23
BRDA:139,0,1,628
BRDA:139,1,2,0
BRDA:139,1,3,628
BRDA:139,2,4,4
BRDA:139,2,5,624
BRDA:139,3,6,0
BRDA:139,3,7,624
BRDA:140,0,0,11
BRDA:140,0,1,16
BRDA:148,0,0,3
BRDA:148,0,1,5
BRF:56
BRH:51
DA:54,49
DA:55,49
DA:56,49
DA:60,50
DA:61,50
DA:62,50
DA:63,220
DA:66,170
DA:69,170
DA:70,2
DA:71,2
DA:72,168
DA:73,322
DA:74,9
DA:75,9
DA:76,159
DA:77,4
DA:78,3
DA:79,3
DA:80,4
DA:81,4
DA:82,155
DA:83,155
DA:84,50
DA:85,50
DA:90,4
DA:91,4
DA:92,4
DA:93,2
DA:94,2
DA:95,4
DA:96,3
DA:97,3
DA:98,4
DA:99,4
DA:100,15
DA:101,15
DA:102,15
DA:103,4
DA:104,4
DA:106,26
DA:107,26
DA:108,26
DA:109,16
DA:110,16
DA:113,10
DA:114,10
DA:115,2
DA:116,2
DA:117,8
DA:118,10
DA:120,8
DA:121,8
DA:122,8
DA:123,8
DA:124,8
DA:125,666
DA:126,658
DA:127,658
DA:128,7
DA:129,7
DA:130,5
DA:131,5
DA:132,5
DA:133,2
DA:134,2
DA:135,2
DA:136,2
DA:137,2
DA:138,0
DA:139,651
DA:140,27
DA:141,11
DA:142,11
DA:143,11
DA:144,624
DA:145,624
DA:146,624
DA:147,658
DA:148,8
DA:149,3
DA:150,3
DA:151,8
DA:152,8
LF:84
LH:83
end_of_record
SF:carve/command/command.h
FNF:0
FNH:0
BRF:0
BRH:0
LF:0
LH:0
end_of_record
SF:carve/io/io.cc
FN:49,_ZN5carve2io15WriteAtomicallyERKNSt10filesystem7__cxx114pathESt17basic_string_viewIcSt11char_traitsIcEE
FN:82,_ZN5carve2io8ReadFileERKNSt10filesystem7__cxx114pathE
FN:38,io.cc:_ZN5carve2io12_GLOBAL__N_111TempSiblingERKNSt10filesystem7__cxx114pathE
FNDA:99,_ZN5carve2io15WriteAtomicallyERKNSt10filesystem7__cxx114pathESt17basic_string_viewIcSt11char_traitsIcEE
FNDA:82,_ZN5carve2io8ReadFileERKNSt10filesystem7__cxx114pathE
FNDA:98,io.cc:_ZN5carve2io12_GLOBAL__N_111TempSiblingERKNSt10filesystem7__cxx114pathE
FNF:3
FNH:3
BRDA:52,0,0,99
BRDA:52,0,1,0
BRDA:54,0,0,1
BRDA:54,0,1,98
BRDA:63,0,0,1
BRDA:63,0,1,97
BRDA:68,0,0,1
BRDA:68,0,1,96
BRDA:75,0,0,1
BRDA:75,0,1,95
BRDA:84,0,0,16
BRDA:84,0,1,66
BRDA:84,1,2,0
BRDA:84,1,3,66
BRDA:88,0,0,1
BRDA:88,0,1,65
BRF:16
BRH:14
DA:38,98
DA:39,98
DA:40,98
DA:41,98
DA:42,98
DA:43,98
DA:44,98
DA:45,98
DA:49,99
DA:50,99
DA:51,99
DA:52,99
DA:53,99
DA:54,99
DA:55,1
DA:56,1
DA:57,1
DA:58,99
DA:60,98
DA:61,98
DA:62,98
DA:63,98
DA:64,1
DA:65,1
DA:66,97
DA:67,97
DA:68,97
DA:69,1
DA:70,1
DA:71,1
DA:72,97
DA:74,96
DA:75,96
DA:76,1
DA:77,1
DA:78,1
DA:79,95
DA:80,96
DA:82,82
DA:83,82
DA:84,82
DA:85,16
DA:86,16
DA:87,66
DA:88,66
DA:89,1
DA:90,1
DA:91,65
DA:92,66
LF:49
LH:49
end_of_record
SF:carve/io/io.h
FNF:0
FNH:0
BRF:0
BRH:0
LF:0
LH:0
end_of_record
SF:carve/process/process.cc
FN:120,_ZN5carve7process16process_internal18RunWithSystemCallsEN4absl12lts_202608174SpanIKNSt7__cxx1112basic_stringIcSt11char_traitsIcESaIcEEEEERNS1_11SystemCallsE
FN:197,_ZN5carve7process3RunEN4absl12lts_202608174SpanIKNSt7__cxx1112basic_stringIcSt11char_traitsIcESaIcEEEEE
FN:73,process.cc:_ZN5carve7process12_GLOBAL__N_110DrainPipesEiiRNS0_13CommandResultERNS0_16process_internal11SystemCallsE
FN:48,process.cc:_ZN5carve7process12_GLOBAL__N_110ErrnoErrorESt17basic_string_viewIcSt11char_traitsIcEE
FN:60,process.cc:_ZN5carve7process12_GLOBAL__N_116PosixSystemCalls4ForkEv
FN:54,process.cc:_ZN5carve7process12_GLOBAL__N_116PosixSystemCalls4PipeEPi
FN:62,process.cc:_ZN5carve7process12_GLOBAL__N_116PosixSystemCalls4PollEP6pollfdmi
FN:64,process.cc:_ZN5carve7process12_GLOBAL__N_116PosixSystemCalls4ReadEiPvm
FN:68,process.cc:_ZN5carve7process12_GLOBAL__N_116PosixSystemCalls5CloseEi
FN:66,process.cc:_ZN5carve7process12_GLOBAL__N_116PosixSystemCalls7WaitPidEiPii
FNDA:32,_ZN5carve7process16process_internal18RunWithSystemCallsEN4absl12lts_202608174SpanIKNSt7__cxx1112basic_stringIcSt11char_traitsIcESaIcEEEEERNS1_11SystemCallsE
FNDA:25,_ZN5carve7process3RunEN4absl12lts_202608174SpanIKNSt7__cxx1112basic_stringIcSt11char_traitsIcESaIcEEEEE
FNDA:28,process.cc:_ZN5carve7process12_GLOBAL__N_110DrainPipesEiiRNS0_13CommandResultERNS0_16process_internal11SystemCallsE
FNDA:6,process.cc:_ZN5carve7process12_GLOBAL__N_110ErrnoErrorESt17basic_string_viewIcSt11char_traitsIcEE
FNDA:22,process.cc:_ZN5carve7process12_GLOBAL__N_116PosixSystemCalls4ForkEv
FNDA:47,process.cc:_ZN5carve7process12_GLOBAL__N_116PosixSystemCalls4PipeEPi
FNDA:101,process.cc:_ZN5carve7process12_GLOBAL__N_116PosixSystemCalls4PollEP6pollfdmi
FNDA:111,process.cc:_ZN5carve7process12_GLOBAL__N_116PosixSystemCalls4ReadEiPvm
FNDA:90,process.cc:_ZN5carve7process12_GLOBAL__N_116PosixSystemCalls5CloseEi
FNDA:22,process.cc:_ZN5carve7process12_GLOBAL__N_116PosixSystemCalls7WaitPidEiPii
FNF:10
FNH:10
BRDA:79,0,0,109
BRDA:79,0,1,27
BRDA:80,0,0,2
BRDA:80,0,1,107
BRDA:81,0,0,1
BRDA:81,0,1,1
BRDA:87,0,0,214
BRDA:87,0,1,107
BRDA:90,0,0,17
BRDA:90,0,1,197
BRDA:90,1,2,75
BRDA:90,1,3,122
BRDA:95,0,0,67
BRDA:95,0,1,55
BRDA:97,0,0,53
BRDA:97,0,1,2
BRDA:97,1,2,1
BRDA:97,1,3,1
BRDA:98,0,0,1
BRDA:98,0,1,53
BRDA:98,1,2,1
BRDA:98,1,3,0
BRDA:108,0,0,56
BRDA:108,0,1,28
BRDA:109,0,0,2
BRDA:109,0,1,54
BRDA:121,0,0,1
BRDA:121,0,1,31
BRDA:129,0,0,91
BRDA:129,0,1,31
BRDA:138,0,0,1
BRDA:138,0,1,30
BRDA:141,0,0,1
BRDA:141,0,1,29
BRDA:150,0,0,1
BRDA:150,0,1,28
BRDA:152,0,0,4
BRDA:152,0,1,1
BRDA:181,0,0,2
BRDA:181,0,1,27
BRDA:182,0,0,1
BRDA:182,0,1,1
BRDA:186,0,0,2
BRDA:186,0,1,25
BRDA:189,0,0,24
BRDA:189,0,1,1
BRDA:191,0,0,1
BRDA:191,0,1,0
BRF:48
BRH:46
DA:48,6
DA:49,6
DA:50,6
DA:54,47
DA:57,47
DA:58,47
DA:60,22
DA:62,101
DA:64,111
DA:66,22
DA:68,90
DA:73,28
DA:74,28
DA:75,28
DA:76,28
DA:77,28
DA:78,28
DA:79,136
DA:80,109
DA:81,2
DA:82,1
DA:83,1
DA:84,1
DA:85,1
DA:86,2
DA:87,321
DA:90,214
DA:91,92
DA:92,92
DA:93,122
DA:94,122
DA:95,122
DA:96,67
DA:97,85
DA:98,54
DA:99,1
DA:100,1
DA:101,54
DA:102,54
DA:103,54
DA:104,54
DA:105,122
DA:106,107
DA:108,56
DA:109,56
DA:110,2
DA:111,2
DA:112,56
DA:113,28
DA:114,28
DA:120,32
DA:121,32
DA:122,1
DA:123,1
DA:127,31
DA:128,31
DA:129,91
DA:132,91
DA:133,91
DA:134,31
DA:136,31
DA:137,31
DA:138,31
DA:139,1
DA:140,1
DA:141,30
DA:142,1
DA:143,1
DA:144,1
DA:145,1
DA:146,1
DA:147,29
DA:149,29
DA:150,29
DA:151,1
DA:152,4
DA:153,4
DA:154,4
DA:155,1
DA:156,1
DA:158,28
DA:175,28
DA:176,28
DA:177,28
DA:178,28
DA:180,28
DA:181,29
DA:182,2
DA:183,1
DA:184,1
DA:185,2
DA:186,27
DA:187,2
DA:188,2
DA:189,25
DA:190,24
DA:191,24
DA:192,1
DA:193,1
DA:194,25
DA:195,27
DA:197,25
DA:198,25
DA:199,25
DA:200,25
LF:105
LH:105
end_of_record
SF:carve/process/process.h
FNF:0
FNH:0
BRF:0
BRH:0
LF:0
LH:0
end_of_record
SF:carve/process/process_internal.h
FN:34,_ZN5carve7process16process_internal11SystemCallsD2Ev
FNDA:7,_ZN5carve7process16process_internal11SystemCallsD2Ev
FNF:1
FNH:1
BRF:0
BRH:0
DA:34,7
LF:1
LH:1
end_of_record
SF:carve/prune/prune.cc
FN:28,_ZN5carve5prune12PruneRecordsERKNS_13ActionRecordsEl
FN:39,_ZN5carve5prune8RunPruneERKNSt10filesystem7__cxx114pathEl
FNDA:5,_ZN5carve5prune12PruneRecordsERKNS_13ActionRecordsEl
FNDA:3,_ZN5carve5prune8RunPruneERKNSt10filesystem7__cxx114pathEl
FNF:2
FNH:2
BRDA:31,0,0,6
BRDA:31,0,1,5
BRDA:32,0,0,1
BRDA:32,0,1,5
BRDA:32,1,2,3
BRDA:32,1,3,2
BRDA:40,0,0,0
BRDA:40,0,1,3
BRDA:45,0,0,1
BRDA:45,0,1,2
BRDA:46,0,0,2
BRDA:46,0,1,1
BRF:12
BRH:11
DA:28,5
DA:29,5
DA:30,5
DA:31,7
DA:32,6
DA:33,4
DA:34,4
DA:35,6
DA:36,5
DA:37,5
DA:39,3
DA:40,3
DA:41,3
DA:42,3
DA:45,3
DA:46,1
DA:47,1
DA:48,3
DA:49,3
LF:19
LH:19
end_of_record
SF:carve/prune/prune.h
FNF:0
FNH:0
BRF:0
BRH:0
LF:0
LH:0
end_of_record
SF:carve/refresh/refresh.cc
FN:346,_ZN5carve7refresh10RunRefreshERKNS0_11FileOptionsE
FN:339,_ZN5carve7refresh12BuildEntriesESt17basic_string_viewIcSt11char_traitsIcEERKNS0_7OptionsE
FN:316,_ZN5carve7refresh18EntriesFromRecordsERKNS_13ActionRecordsESt17basic_string_viewIcSt11char_traitsIcEE
FN:66,refresh.cc:_ZN5carve7refresh12_GLOBAL__N_110FindSourceERKSt6vectorINSt7__cxx1112basic_stringIcSt11char_traitsIcESaIcEEESaIS8_EE
FN:91,refresh.cc:_ZN5carve7refresh12_GLOBAL__N_110MakeRecordERKNS_6aquery13CompileActionESt17basic_string_viewIcSt11char_traitsIcEE
FN:157,refresh.cc:_ZN5carve7refresh12_GLOBAL__N_111ScanHeadersERNS_12ActionRecordESt17basic_string_viewIcSt11char_traitsIcEERKSt8functionIFN4absl12lts_202608178StatusOrISt6vectorINSt7__cxx1112basic_stringIcS6_SaIcEEESaISG_EEEENSA_4SpanIKSG_EES7_EE
FN:240,refresh.cc:_ZN5carve7refresh12_GLOBAL__N_111WorkerCountEi
FN:79,refresh.cc:_ZN5carve7refresh12_GLOBAL__N_112AbsoluteFileB5cxx11ESt17basic_string_viewIcSt11char_traitsIcEES5_
FN:117,refresh.cc:_ZN5carve7refresh12_GLOBAL__N_112BuildRecordsESt17basic_string_viewIcSt11char_traitsIcEES5_
FN:53,refresh.cc:_ZN5carve7refresh12_GLOBAL__N_112IsSourceFileESt17basic_string_viewIcSt11char_traitsIcEE
FN:188,refresh.cc:_ZN5carve7refresh12_GLOBAL__N_112ParallelScan3RunEj
FN:220,refresh.cc:_ZN5carve7refresh12_GLOBAL__N_112ParallelScan6WorkerEv
FN:211,refresh.cc:_ZN5carve7refresh12_GLOBAL__N_112ParallelScan9ClaimNextEv
FN:184,refresh.cc:_ZN5carve7refresh12_GLOBAL__N_112ParallelScanC2ESt6vectorIPNS_12ActionRecordESaIS5_EESt17basic_string_viewIcSt11char_traitsIcEERKSt8functionIFN4absl12lts_202608178StatusOrIS3_INSt7__cxx1112basic_stringIcSA_SaIcEEESaISJ_EEEENSE_4SpanIKSJ_EESB_EE
FN:285,refresh.cc:_ZN5carve7refresh12_GLOBAL__N_113BazelExecRootERKNSt7__cxx1112basic_stringIcSt11char_traitsIcESaIcEEE
FN:247,refresh.cc:_ZN5carve7refresh12_GLOBAL__N_113ModifiedAfterERKNSt10filesystem7__cxx114pathEl
FN:268,refresh.cc:_ZN5carve7refresh12_GLOBAL__N_117CachedScanIsStaleERKNS_12ActionRecordESt17basic_string_viewIcSt11char_traitsIcEE
FN:134,refresh.cc:_ZN5carve7refresh12_GLOBAL__N_122ApplyXcodePlaceholdersERNS_13ActionRecordsERKSt8functionIFNS0_10XcodePathsEvEE
FN:302,refresh.cc:_ZN5carve7refresh12_GLOBAL__N_19RunAqueryERKSt6vectorINSt7__cxx1112basic_stringIcSt11char_traitsIcESaIcEEESaIS8_EERKS8_
FN:197,refresh.cc:_ZZN5carve7refresh12_GLOBAL__N_112ParallelScan3RunEjENKUlvE_clEv
FN:277,refresh.cc:_ZZN5carve7refresh12_GLOBAL__N_117CachedScanIsStaleERKNS_12ActionRecordESt17basic_string_viewIcSt11char_traitsIcEEENK3$_0clES8_
FN:278,refresh.cc:_ZZN5carve7refresh12_GLOBAL__N_117CachedScanIsStaleERKNS_12ActionRecordESt17basic_string_viewIcSt11char_traitsIcEEENK3$_1clES8_
FN:135,refresh.cc:_ZZN5carve7refresh12_GLOBAL__N_122ApplyXcodePlaceholdersERNS_13ActionRecordsERKSt8functionIFNS0_10XcodePathsEvEEENK3$_0clERKNS_12ActionRecordE
FN:137,refresh.cc:_ZZZN5carve7refresh12_GLOBAL__N_122ApplyXcodePlaceholdersERNS_13ActionRecordsERKSt8functionIFNS0_10XcodePathsEvEEENK3$_0clERKNS_12ActionRecordEENKUlSt17basic_string_viewIcSt11char_traitsIcEEE_clESH_
FNDA:25,_ZN5carve7refresh10RunRefreshERKNS0_11FileOptionsE
FNDA:5,_ZN5carve7refresh12BuildEntriesESt17basic_string_viewIcSt11char_traitsIcEERKNS0_7OptionsE
FNDA:31,_ZN5carve7refresh18EntriesFromRecordsERKNS_13ActionRecordsESt17basic_string_viewIcSt11char_traitsIcEE
FNDA:28,refresh.cc:_ZN5carve7refresh12_GLOBAL__N_110FindSourceERKSt6vectorINSt7__cxx1112basic_stringIcSt11char_traitsIcESaIcEEESaIS8_EE
FNDA:28,refresh.cc:_ZN5carve7refresh12_GLOBAL__N_110MakeRecordERKNS_6aquery13CompileActionESt17basic_string_viewIcSt11char_traitsIcEE
FNDA:15,refresh.cc:_ZN5carve7refresh12_GLOBAL__N_111ScanHeadersERNS_12ActionRecordESt17basic_string_viewIcSt11char_traitsIcEERKSt8functionIFN4absl12lts_202608178StatusOrISt6vectorINSt7__cxx1112basic_stringIcS6_SaIcEEESaISG_EEEENSA_4SpanIKSG_EES7_EE
FNDA:21,refresh.cc:_ZN5carve7refresh12_GLOBAL__N_111WorkerCountEi
FNDA:8,refresh.cc:_ZN5carve7refresh12_GLOBAL__N_112AbsoluteFileB5cxx11ESt17basic_string_viewIcSt11char_traitsIcEES5_
FNDA:26,refresh.cc:_ZN5carve7refresh12_GLOBAL__N_112BuildRecordsESt17basic_string_viewIcSt11char_traitsIcEES5_
FNDA:86,refresh.cc:_ZN5carve7refresh12_GLOBAL__N_112IsSourceFileESt17basic_string_viewIcSt11char_traitsIcEE
FNDA:21,refresh.cc:_ZN5carve7refresh12_GLOBAL__N_112ParallelScan3RunEj
FNDA:15,refresh.cc:_ZN5carve7refresh12_GLOBAL__N_112ParallelScan6WorkerEv
FNDA:30,refresh.cc:_ZN5carve7refresh12_GLOBAL__N_112ParallelScan9ClaimNextEv
FNDA:21,refresh.cc:_ZN5carve7refresh12_GLOBAL__N_112ParallelScanC2ESt6vectorIPNS_12ActionRecordESaIS5_EESt17basic_string_viewIcSt11char_traitsIcEERKSt8functionIFN4absl12lts_202608178StatusOrIS3_INSt7__cxx1112basic_stringIcSA_SaIcEEESaISJ_EEEENSE_4SpanIKSJ_EESB_EE
FNDA:3,refresh.cc:_ZN5carve7refresh12_GLOBAL__N_113BazelExecRootERKNSt7__cxx1112basic_stringIcSt11char_traitsIcESaIcEEE
FNDA:8,refresh.cc:_ZN5carve7refresh12_GLOBAL__N_113ModifiedAfterERKNSt10filesystem7__cxx114pathEl
FNDA:7,refresh.cc:_ZN5carve7refresh12_GLOBAL__N_117CachedScanIsStaleERKNS_12ActionRecordESt17basic_string_viewIcSt11char_traitsIcEE
FNDA:1,refresh.cc:_ZN5carve7refresh12_GLOBAL__N_122ApplyXcodePlaceholdersERNS_13ActionRecordsERKSt8functionIFNS0_10XcodePathsEvEE
FNDA:4,refresh.cc:_ZN5carve7refresh12_GLOBAL__N_19RunAqueryERKSt6vectorINSt7__cxx1112basic_stringIcSt11char_traitsIcESaIcEEESaIS8_EERKS8_
FNDA:4,refresh.cc:_ZZN5carve7refresh12_GLOBAL__N_112ParallelScan3RunEjENKUlvE_clEv
FNDA:6,refresh.cc:_ZZN5carve7refresh12_GLOBAL__N_117CachedScanIsStaleERKNS_12ActionRecordESt17basic_string_viewIcSt11char_traitsIcEEENK3$_0clES8_
FNDA:2,refresh.cc:_ZZN5carve7refresh12_GLOBAL__N_117CachedScanIsStaleERKNS_12ActionRecordESt17basic_string_viewIcSt11char_traitsIcEEENK3$_1clES8_
FNDA:1,refresh.cc:_ZZN5carve7refresh12_GLOBAL__N_122ApplyXcodePlaceholdersERNS_13ActionRecordsERKSt8functionIFNS0_10XcodePathsEvEEENK3$_0clERKNS_12ActionRecordE
FNDA:1,refresh.cc:_ZZZN5carve7refresh12_GLOBAL__N_122ApplyXcodePlaceholdersERNS_13ActionRecordsERKSt8functionIFNS0_10XcodePathsEvEEENK3$_0clERKNS_12ActionRecordEENKUlSt17basic_string_viewIcSt11char_traitsIcEEE_clESH_
FNF:24
FNH:24
BRDA:55,0,0,58
BRDA:55,0,1,28
BRDA:68,0,0,86
BRDA:68,0,1,28
BRDA:69,0,0,27
BRDA:69,0,1,59
BRDA:81,0,0,0
BRDA:81,0,1,8
BRDA:81,1,2,1
BRDA:81,1,3,7
BRDA:94,0,0,1
BRDA:94,0,1,27
BRDA:100,0,0,84
BRDA:100,0,1,27
BRDA:106,0,0,1
BRDA:106,0,1,26
BRDA:109,0,0,0
BRDA:109,0,1,27
BRDA:118,0,0,0
BRDA:118,0,1,26
BRDA:120,0,0,28
BRDA:120,0,1,26
BRDA:122,0,0,27
BRDA:122,0,1,1
BRDA:139,0,0,0
BRDA:139,0,1,1
BRDA:143,0,0,1
BRDA:143,0,1,1
BRDA:146,0,0,4
BRDA:146,0,1,1
BRDA:160,0,0,4
BRDA:160,0,1,11
BRDA:163,0,0,14
BRDA:163,0,1,11
BRDA:189,0,0,12
BRDA:189,0,1,9
BRDA:191,0,0,11
BRDA:191,0,1,1
BRDA:196,0,0,4
BRDA:196,0,1,1
BRDA:199,0,0,4
BRDA:199,0,1,1
BRDA:213,0,0,15
BRDA:213,0,1,15
BRDA:221,0,0,15
BRDA:221,0,1,15
BRDA:223,0,0,4
BRDA:223,0,1,11
BRDA:241,0,0,3
BRDA:241,0,1,18
BRDA:250,0,0,2
BRDA:250,0,1,6
BRDA:269,0,0,1
BRDA:269,0,1,6
BRDA:275,0,0,4
BRDA:275,0,1,2
BRDA:278,0,0,0
BRDA:278,0,1,2
BRDA:286,0,0,0
BRDA:286,0,1,6
BRDA:288,0,0,1
BRDA:288,0,1,2
BRDA:293,0,0,6
BRDA:293,0,1,0
BRDA:293,1,2,2
BRDA:293,1,3,4
BRDA:293,2,4,1
BRDA:293,2,5,3
BRDA:293,3,6,1
BRDA:293,3,7,2
BRDA:306,0,0,0
BRDA:306,0,1,4
BRDA:307,0,0,0
BRDA:307,0,1,4
BRDA:308,0,0,1
BRDA:308,0,1,3
BRDA:319,0,0,33
BRDA:319,0,1,31
BRDA:320,0,0,0
BRDA:320,0,1,33
BRDA:340,0,0,0
BRDA:340,0,1,5
BRDA:348,0,0,21
BRDA:348,0,1,4
BRDA:350,0,0,4
BRDA:350,0,1,0
BRDA:355,0,0,47
BRDA:355,0,1,28
BRDA:359,0,0,3
BRDA:359,0,1,19
BRDA:360,0,0,1
BRDA:360,0,1,2
BRDA:364,0,0,0
BRDA:364,0,1,21
BRDA:365,0,0,1
BRDA:365,0,1,20
BRDA:369,0,0,4
BRDA:369,0,1,17
BRDA:372,0,0,2
BRDA:372,0,1,2
BRDA:373,0,0,2
BRDA:373,0,1,2
BRDA:385,0,0,8
BRDA:385,0,1,4
BRDA:389,0,0,0
BRDA:389,0,1,17
BRDA:396,0,0,12
BRDA:396,0,1,5
BRDA:397,0,0,15
BRDA:397,0,1,12
BRDA:399,0,0,8
BRDA:399,0,1,7
BRDA:399,1,2,5
BRDA:399,1,3,2
BRDA:411,0,0,13
BRDA:411,0,1,17
BRDA:415,0,0,2
BRDA:415,0,1,17
BRDA:427,0,0,7
BRDA:427,0,1,10
BRDA:429,0,0,7
BRDA:429,0,1,7
BRDA:430,0,0,12
BRDA:430,0,1,2
BRDA:430,1,2,5
BRDA:430,1,3,2
BRDA:436,0,0,34
BRDA:436,0,1,17
BRDA:445,0,0,34
BRDA:445,0,1,17
BRDA:453,0,0,34
BRDA:453,0,1,17
BRF:132
BRH:118
DA:53,86
DA:54,86
DA:55,86
DA:56,58
DA:57,58
DA:58,28
DA:59,28
DA:60,28
DA:61,28
DA:62,86
DA:66,28
DA:67,28
DA:68,86
DA:69,86
DA:70,27
DA:71,27
DA:72,86
DA:73,28
DA:74,28
DA:79,8
DA:80,8
DA:81,8
DA:82,1
DA:83,1
DA:84,7
DA:85,8
DA:91,28
DA:92,28
DA:93,28
DA:94,28
DA:95,1
DA:96,1
DA:97,27
DA:98,27
DA:99,27
DA:100,84
DA:101,84
DA:102,84
DA:106,27
DA:107,1
DA:108,1
DA:109,27
DA:110,0
DA:111,0
DA:112,27
DA:113,28
DA:117,26
DA:118,26
DA:119,26
DA:120,28
DA:121,28
DA:122,28
DA:123,27
DA:124,27
DA:125,28
DA:126,26
DA:127,26
DA:134,1
DA:135,1
DA:136,1
DA:137,1
DA:138,1
DA:139,1
DA:140,0
DA:141,0
DA:142,1
DA:143,1
DA:144,1
DA:145,1
DA:146,4
DA:147,4
DA:148,4
DA:149,1
DA:150,1
DA:157,15
DA:158,15
DA:159,15
DA:160,15
DA:161,4
DA:162,4
DA:163,14
DA:166,14
DA:167,14
DA:168,11
DA:169,15
DA:184,21
DA:188,21
DA:189,21
DA:190,12
DA:191,12
DA:192,11
DA:193,11
DA:194,1
DA:195,1
DA:196,5
DA:197,4
DA:198,4
DA:199,4
DA:200,4
DA:201,4
DA:202,1
DA:203,12
DA:204,21
DA:205,21
DA:206,21
DA:207,21
DA:211,30
DA:212,30
DA:213,30
DA:214,15
DA:215,15
DA:216,15
DA:217,30
DA:220,15
DA:221,30
DA:223,15
DA:224,4
DA:225,4
DA:226,4
DA:227,15
DA:228,15
DA:240,21
DA:241,21
DA:242,21
DA:247,8
DA:248,8
DA:249,8
DA:250,8
DA:251,2
DA:252,2
DA:253,6
DA:254,6
DA:255,6
DA:256,6
DA:257,8
DA:268,7
DA:269,7
DA:270,1
DA:271,1
DA:272,6
DA:275,6
DA:276,6
DA:277,6
DA:278,2
DA:279,2
DA:280,2
DA:281,7
DA:285,3
DA:286,3
DA:287,3
DA:288,3
DA:289,1
DA:290,1
DA:291,1
DA:292,2
DA:293,6
DA:294,4
DA:295,4
DA:296,2
DA:297,3
DA:302,4
DA:303,4
DA:304,4
DA:305,4
DA:306,4
DA:307,4
DA:308,4
DA:309,1
DA:310,1
DA:311,3
DA:312,4
DA:316,31
DA:317,31
DA:318,31
DA:319,33
DA:320,33
DA:321,0
DA:322,0
DA:323,33
DA:324,33
DA:325,33
DA:326,33
DA:331,33
DA:332,33
DA:333,33
DA:334,33
DA:335,33
DA:336,31
DA:337,31
DA:339,5
DA:340,5
DA:341,5
DA:342,5
DA:346,25
DA:347,25
DA:348,25
DA:349,21
DA:350,21
DA:351,4
DA:352,4
DA:353,0
DA:354,0
DA:355,25
DA:358,22
DA:359,22
DA:360,3
DA:361,2
DA:362,2
DA:364,42
DA:365,42
DA:366,1
DA:367,1
DA:369,42
DA:371,4
DA:372,4
DA:373,2
DA:374,2
DA:375,2
DA:376,2
DA:377,4
DA:378,4
DA:380,4
DA:381,4
DA:382,4
DA:383,4
DA:384,4
DA:385,4
DA:386,4
DA:387,4
DA:389,42
DA:395,34
DA:396,34
DA:397,15
DA:398,15
DA:399,15
DA:400,13
DA:401,13
DA:402,15
DA:403,12
DA:408,34
DA:409,34
DA:410,34
DA:411,34
DA:412,13
DA:413,13
DA:414,34
DA:415,34
DA:416,2
DA:417,2
DA:419,34
DA:427,34
DA:428,7
DA:429,7
DA:430,7
DA:431,5
DA:432,5
DA:433,7
DA:434,7
DA:436,34
DA:443,17
DA:444,17
DA:445,17
DA:447,17
DA:448,17
DA:449,17
DA:450,17
DA:451,17
DA:452,17
DA:453,17
DA:454,17
DA:455,17
LF:271
LH:263
end_of_record
SF:carve/refresh/refresh.h
FNF:0
FNH:0
BRF:0
BRH:0
LF:0
LH:0
end_of_record
SF:carve/scan_deps/diagnostic_consumer.cc
FN:24,_ZN5carve9scan_deps18scan_deps_internal27CapturingDiagnosticConsumer16HandleDiagnosticEN5clang17DiagnosticsEngine5LevelERKNS3_10DiagnosticE
FNDA:10,_ZN5carve9scan_deps18scan_deps_internal27CapturingDiagnosticConsumer16HandleDiagnosticEN5clang17DiagnosticsEngine5LevelERKNS3_10DiagnosticE
FNF:1
FNH:1
BRDA:26,0,0,1
BRDA:26,0,1,9
BRDA:32,0,0,5
BRDA:32,0,1,4
BRF:4
BRH:4
DA:24,10
DA:25,10
DA:26,10
DA:27,1
DA:28,1
DA:29,9
DA:30,9
DA:31,9
DA:32,9
DA:33,5
DA:34,5
DA:35,9
DA:36,9
LF:13
LH:13
end_of_record
SF:carve/scan_deps/diagnostic_consumer.h
FN:29,_ZN5carve9scan_deps18scan_deps_internal27CapturingDiagnosticConsumerC2ERNSt7__cxx1112basic_stringIcSt11char_traitsIcESaIcEEE
FNDA:6,_ZN5carve9scan_deps18scan_deps_internal27CapturingDiagnosticConsumerC2ERNSt7__cxx1112basic_stringIcSt11char_traitsIcESaIcEEE
FNF:1
FNH:1
BRF:0
BRH:0
DA:29,6
LF:1
LH:1
end_of_record
SF:carve/scan_deps/scan_deps.cc
FN:45,_ZN5carve9scan_deps16ScanDependenciesEN4absl12lts_202608174SpanIKNSt7__cxx1112basic_stringIcSt11char_traitsIcESaIcEEEEESt17basic_string_viewIcS7_E
FNDA:5,_ZN5carve9scan_deps16ScanDependenciesEN4absl12lts_202608174SpanIKNSt7__cxx1112basic_stringIcSt11char_traitsIcESaIcEEEEESt17basic_string_viewIcS7_E
FNF:1
FNH:1
BRDA:55,0,0,3
BRDA:55,0,1,2
BRF:2
BRH:2
DA:45,5
DA:46,5
DA:47,5
DA:48,5
DA:50,5
DA:51,5
DA:52,5
DA:53,5
DA:54,5
DA:55,5
DA:56,3
DA:57,3
DA:58,2
DA:59,5
LF:14
LH:14
end_of_record
SF:carve/scan_deps/scan_deps.h
FNF:0
FNH:0
BRF:0
BRH:0
LF:0
LH:0
end_of_record
SF:carve/shard/shard.cc
FN:32,_ZN5carve5shard10BuildShardERKNS0_7OptionsE
FN:91,_ZN5carve5shard8RunShardERKNS0_11FileOptionsE
FNDA:8,_ZN5carve5shard10BuildShardERKNS0_7OptionsE
FNDA:4,_ZN5carve5shard8RunShardERKNS0_11FileOptionsE
FNF:2
FNH:2
BRDA:34,0,0,0
BRDA:34,0,1,8
BRDA:34,1,2,1
BRDA:34,1,3,7
BRDA:42,0,0,25
BRDA:42,0,1,8
BRDA:48,0,0,2
BRDA:48,0,1,6
BRDA:51,0,0,1
BRDA:51,0,1,7
BRDA:59,0,0,3
BRDA:59,0,1,5
BRDA:62,0,0,2
BRDA:62,0,1,1
BRDA:63,0,0,3
BRDA:63,0,1,2
BRDA:78,0,0,2
BRDA:78,0,1,6
BRDA:79,0,0,4
BRDA:79,0,1,2
BRDA:85,0,0,7
BRDA:85,0,1,1
BRDA:85,1,2,6
BRDA:85,1,3,1
BRDA:92,0,0,1
BRDA:92,0,1,3
BRDA:96,0,0,9
BRDA:96,0,1,3
BRDA:102,0,0,1
BRDA:102,0,1,2
BRDA:103,0,0,0
BRDA:103,0,1,1
BRF:32
BRH:30
DA:32,8
DA:33,8
DA:34,8
DA:35,1
DA:36,1
DA:38,8
DA:39,8
DA:40,8
DA:41,8
DA:42,25
DA:43,25
DA:44,25
DA:48,8
DA:49,2
DA:50,2
DA:51,8
DA:52,1
DA:53,1
DA:58,8
DA:59,8
DA:60,3
DA:61,3
DA:62,3
DA:63,3
DA:66,3
DA:67,3
DA:68,2
DA:69,1
DA:70,1
DA:71,3
DA:78,8
DA:79,4
DA:80,4
DA:81,4
DA:82,2
DA:83,2
DA:85,8
DA:86,6
DA:87,6
DA:88,8
DA:89,8
DA:91,4
DA:92,4
DA:95,3
DA:96,9
DA:97,9
DA:98,9
DA:101,3
DA:102,3
DA:103,1
DA:104,1
DA:105,1
DA:107,3
DA:108,3
DA:109,3
DA:110,3
DA:111,3
DA:112,3
DA:113,3
DA:114,3
DA:115,3
DA:116,3
DA:117,3
DA:118,3
DA:119,3
DA:120,3
DA:121,3
DA:122,3
LF:68
LH:68
end_of_record
SF:carve/shard/shard.h
FNF:0
FNH:0
BRF:0
BRH:0
LF:0
LH:0
end_of_record
SF:carve/sidecar/sidecar.cc
FN:108,_ZN5carve7sidecar12MergeRecordsERKNS_13ActionRecordsES3_St17basic_string_viewIcSt11char_traitsIcEERKN4absl12lts_2026081713flat_hash_setIS7_NS9_18container_internal10StringHashENSB_8StringEqESaIS7_EEE
FN:73,_ZN5carve7sidecar14DiffActionKeysERKNS_13ActionRecordsEN4absl12lts_202608174SpanIKNSt7__cxx1112basic_stringIcSt11char_traitsIcESaIcEEEEE
FN:54,_ZN5carve7sidecar15LoadHeaderIndexERKNSt10filesystem7__cxx114pathE
FN:69,_ZN5carve7sidecar15SaveHeaderIndexERKNSt10filesystem7__cxx114pathERKNS_11HeaderIndexE
FN:154,_ZN5carve7sidecar16BuildHeaderIndexERKNS_13ActionRecordsE
FN:144,_ZN5carve7sidecar18FindReusableRecordERKNS_13ActionRecordsERKNS_12ActionRecordESt17basic_string_viewIcSt11char_traitsIcEE
FN:35,_ZN5carve7sidecar4LoadERKNSt10filesystem7__cxx114pathE
FN:50,_ZN5carve7sidecar4SaveERKNSt10filesystem7__cxx114pathERKNS_13ActionRecordsE
FN:98,sidecar.cc:_ZN5carve7sidecar12_GLOBAL__N_111SameCommandERKNS_12ActionRecordES4_
FN:132,sidecar.cc:_ZZN5carve7sidecar12MergeRecordsERKNS_13ActionRecordsES3_St17basic_string_viewIcSt11char_traitsIcEERKN4absl12lts_2026081713flat_hash_setIS7_NS9_18container_internal10StringHashENSB_8StringEqESaIS7_EEEENK3$_0clEPKNS_12ActionRecordESL_
FNDA:24,_ZN5carve7sidecar12MergeRecordsERKNS_13ActionRecordsES3_St17basic_string_viewIcSt11char_traitsIcEERKN4absl12lts_2026081713flat_hash_setIS7_NS9_18container_internal10StringHashENSB_8StringEqESaIS7_EEE
FNDA:2,_ZN5carve7sidecar14DiffActionKeysERKNS_13ActionRecordsEN4absl12lts_202608174SpanIKNSt7__cxx1112basic_stringIcSt11char_traitsIcESaIcEEEEE
FNDA:6,_ZN5carve7sidecar15LoadHeaderIndexERKNSt10filesystem7__cxx114pathE
FNDA:23,_ZN5carve7sidecar15SaveHeaderIndexERKNSt10filesystem7__cxx114pathERKNS_11HeaderIndexE
FNDA:24,_ZN5carve7sidecar16BuildHeaderIndexERKNS_13ActionRecordsE
FNDA:19,_ZN5carve7sidecar18FindReusableRecordERKNS_13ActionRecordsERKNS_12ActionRecordESt17basic_string_viewIcSt11char_traitsIcEE
FNDA:46,_ZN5carve7sidecar4LoadERKNSt10filesystem7__cxx114pathE
FNDA:36,_ZN5carve7sidecar4SaveERKNSt10filesystem7__cxx114pathERKNS_13ActionRecordsE
FNDA:25,sidecar.cc:_ZN5carve7sidecar12_GLOBAL__N_111SameCommandERKNS_12ActionRecordES4_
FNDA:9,sidecar.cc:_ZZN5carve7sidecar12MergeRecordsERKNS_13ActionRecordsES3_St17basic_string_viewIcSt11char_traitsIcEERKN4absl12lts_2026081713flat_hash_setIS7_NS9_18container_internal10StringHashENSB_8StringEqESaIS7_EEEENK3$_0clEPKNS_12ActionRecordESL_
FNF:10
FNH:10
BRDA:37,0,0,11
BRDA:37,0,1,35
BRDA:38,0,0,11
BRDA:38,0,1,0
BRDA:44,0,0,1
BRDA:44,0,1,34
BRDA:56,0,0,1
BRDA:56,0,1,5
BRDA:57,0,0,1
BRDA:57,0,1,0
BRDA:63,0,0,1
BRDA:63,0,1,4
BRDA:76,0,0,2
BRDA:76,0,1,2
BRDA:82,0,0,4
BRDA:82,0,1,2
BRDA:83,0,0,1
BRDA:83,0,1,3
BRDA:85,0,0,2
BRDA:85,0,1,2
BRDA:86,0,0,1
BRDA:86,0,1,1
BRDA:113,0,0,20
BRDA:113,0,1,24
BRDA:114,0,0,18
BRDA:114,0,1,2
BRDA:121,0,0,28
BRDA:121,0,1,24
BRDA:123,0,0,23
BRDA:123,0,1,33
BRDA:123,1,2,13
BRDA:123,1,3,3
BRDA:123,2,4,7
BRDA:123,2,5,6
BRDA:133,0,0,2
BRDA:133,0,1,7
BRDA:145,0,0,11
BRDA:145,0,1,11
BRDA:146,0,0,10
BRDA:146,0,1,1
BRDA:146,1,2,9
BRDA:146,1,3,1
BRDA:147,0,0,8
BRDA:147,0,1,1
BRDA:159,0,0,28
BRDA:159,0,1,24
BRDA:160,0,0,24
BRDA:160,0,1,28
BRDA:167,0,0,22
BRDA:167,0,1,24
BRDA:170,0,0,24
BRDA:170,0,1,22
BRF:52
BRH:50
DA:35,46
DA:36,46
DA:37,46
DA:38,11
DA:39,11
DA:40,11
DA:41,0
DA:42,11
DA:43,35
DA:44,35
DA:45,1
DA:46,1
DA:47,34
DA:48,35
DA:50,36
DA:51,36
DA:52,36
DA:54,6
DA:55,6
DA:56,6
DA:57,1
DA:58,1
DA:59,1
DA:60,0
DA:61,1
DA:62,5
DA:63,5
DA:64,1
DA:65,1
DA:66,4
DA:67,5
DA:69,23
DA:70,23
DA:71,23
DA:73,2
DA:74,2
DA:75,2
DA:76,2
DA:77,2
DA:78,2
DA:79,2
DA:81,2
DA:82,4
DA:83,4
DA:84,4
DA:85,2
DA:86,2
DA:87,1
DA:88,1
DA:89,2
DA:90,2
DA:91,2
DA:92,2
DA:93,2
DA:94,2
DA:98,25
DA:99,25
DA:100,25
DA:108,24
DA:109,24
DA:112,24
DA:113,27
DA:114,20
DA:115,18
DA:116,18
DA:117,2
DA:118,2
DA:119,20
DA:121,28
DA:122,28
DA:123,28
DA:124,7
DA:125,21
DA:126,21
DA:127,21
DA:128,28
DA:130,24
DA:131,24
DA:132,24
DA:133,9
DA:134,2
DA:135,2
DA:136,7
DA:137,9
DA:138,24
DA:139,24
DA:144,19
DA:145,19
DA:146,11
DA:147,9
DA:148,8
DA:149,8
DA:150,11
DA:151,11
DA:152,19
DA:154,24
DA:158,24
DA:159,28
DA:160,29
DA:161,24
DA:162,24
DA:163,28
DA:165,24
DA:166,24
DA:167,25
DA:168,22
DA:169,22
DA:170,24
DA:171,24
DA:172,24
DA:173,22
DA:174,24
DA:175,24
LF:113
LH:111
end_of_record
SF:carve/sidecar/sidecar.h
FNF:0
FNH:0
BRF:0
BRH:0
LF:0
LH:0
end_of_record
