SF:carve/aggregate/aggregate.cc
FN:79,_ZN5carve9aggregate12RunAggregateEN4absl12lts_202608174SpanIKNSt10filesystem7__cxx114pathEEERS7_St17basic_string_viewIcSt11char_traitsIcEE
FN:35,_ZN5carve9aggregate7CombineEN4absl12lts_202608174SpanIKNS_13ActionRecordsEEE
FN:64,aggregate.cc:_ZZN5carve9aggregate7CombineEN4absl12lts_202608174SpanIKNS_13ActionRecordsEEEENK3$_0clEPKNS_12ActionRecordESA_
FNDA:4,_ZN5carve9aggregate12RunAggregateEN4absl12lts_202608174SpanIKNSt10filesystem7__cxx114pathEEERS7_St17basic_string_viewIcSt11char_traitsIcEE
FNDA:10,_ZN5carve9aggregate7CombineEN4absl12lts_202608174SpanIKNS_13ActionRecordsEEE
FNDA:5,aggregate.cc:_ZZN5carve9aggregate7CombineEN4absl12lts_202608174SpanIKNS_13ActionRecordsEEEENK3$_0clEPKNS_12ActionRecordESA_
FNF:3
FNH:3
BRDA:39,0,0,16
BRDA:39,0,1,9
BRDA:40,0,0,1
BRDA:40,0,1,15
BRDA:49,0,0,16
BRDA:49,0,1,10
BRDA:50,0,0,13
BRDA:50,0,1,16
BRDA:52,0,0,2
BRDA:52,0,1,11
BRDA:52,1,2,1
BRDA:52,1,3,1
BRDA:61,0,0,11
BRDA:61,0,1,10
BRDA:65,0,0,1
BRDA:65,0,1,4
BRDA:70,0,0,11
BRDA:70,0,1,10
BRDA:82,0,0,6
BRDA:82,0,1,4
BRDA:83,0,0,0
BRDA:83,0,1,6
BRDA:89,0,0,8
BRDA:89,0,1,4
BRDA:100,0,0,8
BRDA:100,0,1,4
BRF:26
BRH:25
DA:35,10
DA:36,10
DA:39,16
DA:40,16
DA:41,1
DA:42,1
DA:43,1
DA:44,16
DA:48,10
DA:49,16
DA:50,16
DA:51,13
DA:52,13
DA:53,1
DA:54,1
DA:55,13
DA:56,16
DA:59,10
DA:60,10
DA:61,11
DA:62,11
DA:63,11
DA:64,10
DA:65,5
DA:66,1
DA:67,1
DA:68,4
DA:69,5
DA:70,11
DA:71,11
DA:72,11
DA:73,10
DA:74,10
DA:79,4
DA:80,4
DA:81,4
DA:82,6
DA:83,6
DA:84,6
DA:85,6
DA:87,4
DA:88,4
DA:89,4
DA:99,4
DA:100,4
DA:101,4
DA:102,4
LH:47
LF:47
end_of_record
SF:carve/aggregate/aggregate.h
FNF:0
FNH:0
LH:0
LF:0
end_of_record
SF:carve/aquery/aquery.cc
FN:114,_ZN5carve6aquery19ParseCompileActionsESt17basic_string_viewIcSt11char_traitsIcEE
FN:91,aquery.cc:_ZN5carve6aquery12_GLOBAL__N_111ResolvePathB5cxx11EjRKN4absl12lts_2026081713flat_hash_mapIjPKN8analysis12PathFragmentENS3_13hash_internal4HashIjEESt8equal_toIjESaISt4pairIKjS8_EEEE
FN:46,aquery.cc:_ZN5carve6aquery12_GLOBAL__N_116ExpandParamFilesB5cxx11ERKN8analysis6ActionE
FN:35,aquery.cc:_ZN5carve6aquery12_GLOBAL__N_117IsCompileMnemonicESt17basic_string_viewIcSt11char_traitsIcEE
FNDA:28,_ZN5carve6aquery19ParseCompileActionsESt17basic_string_viewIcSt11char_traitsIcEE
FNDA:1,aquery.cc:_ZN5carve6aquery12_GLOBAL__N_111ResolvePathB5cxx11EjRKN4absl12lts_2026081713flat_hash_mapIjPKN8analysis12PathFragmentENS3_13hash_internal4HashIjEESt8equal_toIjESaISt4pairIKjS8_EEEE
FNDA:29,aquery.cc:_ZN5carve6aquery12_GLOBAL__N_116ExpandParamFilesB5cxx11ERKN8analysis6ActionE
FNDA:30,aquery.cc:_ZN5carve6aquery12_GLOBAL__N_117IsCompileMnemonicESt17basic_string_viewIcSt11char_traitsIcEE
FNF:4
FNH:4
BRDA:47,0,0,28
BRDA:47,0,1,1
BRDA:52,0,0,1
BRDA:52,0,1,1
BRDA:64,0,0,8
BRDA:64,0,1,1
BRDA:65,0,0,2
BRDA:65,0,1,6
BRDA:71,0,0,6
BRDA:71,0,1,0
BRDA:71,1,2,1
BRDA:71,1,3,5
BRDA:71,2,4,1
BRDA:71,2,5,0
BRDA:73,0,0,1
BRDA:73,0,1,0
BRDA:94,0,0,3
BRDA:94,0,1,0
BRDA:94,1,2,2
BRDA:94,1,3,1
BRDA:96,0,0,0
BRDA:96,0,1,2
BRDA:103,0,0,2
BRDA:103,0,1,1
BRDA:104,0,0,1
BRDA:104,0,1,1
BRDA:116,0,0,0
BRDA:116,0,1,28
BRDA:122,0,0,2
BRDA:122,0,1,28
BRDA:128,0,0,1
BRDA:128,0,1,28
BRDA:133,0,0,30
BRDA:133,0,1,28
BRDA:134,0,0,1
BRDA:134,0,1,29
BRDA:142,0,0,1
BRDA:142,0,1,28
BRF:38
BRH:32
DA:35,30
DA:36,30
DA:37,30
DA:38,30
DA:39,30
DA:46,29
DA:47,29
DA:48,28
DA:49,28
DA:50,1
DA:51,1
DA:52,1
DA:53,1
DA:54,1
DA:56,1
DA:57,1
DA:58,1
DA:60,1
DA:61,1
DA:62,1
DA:63,1
DA:64,9
DA:65,8
DA:66,2
DA:67,2
DA:68,2
DA:69,6
DA:70,6
DA:71,6
DA:72,1
DA:73,1
DA:74,1
DA:75,1
DA:76,1
DA:77,1
DA:78,1
DA:79,1
DA:80,1
DA:81,5
DA:82,5
DA:83,1
DA:84,29
DA:91,1
DA:92,1
DA:93,1
DA:94,3
DA:95,2
DA:96,2
DA:97,0
DA:98,0
DA:99,2
DA:100,2
DA:101,2
DA:102,1
DA:103,3
DA:104,2
DA:105,1
DA:106,1
DA:107,2
DA:108,2
DA:109,1
DA:110,1
DA:114,28
DA:115,28
DA:116,28
DA:117,0
DA:118,0
DA:120,28
DA:121,28
DA:122,28
DA:123,2
DA:124,2
DA:126,28
DA:127,28
DA:128,28
DA:129,1
DA:130,1
DA:132,28
DA:133,30
DA:134,30
DA:135,1
DA:136,1
DA:137,29
DA:138,29
DA:139,29
DA:140,29
DA:141,29
DA:142,29
DA:143,1
DA:144,1
DA:145,29
DA:146,29
DA:147,28
DA:148,28
LH:90
LF:94
end_of_record
SF:carve/aquery/aquery.h
FNF:0
FNH:0
LH:0
LF:0
end_of_record
SF:carve/carve_aggregate.cc
FNF:0
FNH:0
LH:0
LF:0
end_of_record
SF:carve/carve_shard.cc
FNF:0
FNH:0
LH:0
LF:0
end_of_record
SF:carve/cdb/cdb.cc
FN:118,_ZN5carve3cdb5WriteERKNSt10filesystem7__cxx114pathEN4absl12lts_202608174SpanIKNS0_14CompileCommandEEE
FN:77,_ZN5carve3cdb6ToJsonB5cxx11EN4absl12lts_202608174SpanIKNS0_14CompileCommandEEE
FN:33,cdb.cc:_ZN5carve3cdb12_GLOBAL__N_116AppendJsonStringERNSt7__cxx1112basic_stringIcSt11char_traitsIcESaIcEEESt17basic_string_viewIcS5_E
FN:69,cdb.cc:_ZN5carve3cdb12_GLOBAL__N_19AppendKeyERNSt7__cxx1112basic_stringIcSt11char_traitsIcESaIcEEESt17basic_string_viewIcS5_ESA_
FNDA:23,_ZN5carve3cdb5WriteERKNSt10filesystem7__cxx114pathEN4absl12lts_202608174SpanIKNS0_14CompileCommandEEE
FNDA:30,_ZN5carve3cdb6ToJsonB5cxx11EN4absl12lts_202608174SpanIKNS0_14CompileCommandEEE
FNDA:261,cdb.cc:_ZN5carve3cdb12_GLOBAL__N_116AppendJsonStringERNSt7__cxx1112basic_stringIcSt11char_traitsIcESaIcEEESt17basic_string_viewIcS5_E
FNDA:101,cdb.cc:_ZN5carve3cdb12_GLOBAL__N_19AppendKeyERNSt7__cxx1112basic_stringIcSt11char_traitsIcESaIcEEESt17basic_string_viewIcS5_ESA_
FNF:4
FNH:4
BRDA:42,0,0,2557
BRDA:42,0,1,261
BRDA:45,0,0,1
BRDA:45,0,1,2556
BRDA:46,0,0,1
BRDA:46,0,1,2556
BRDA:47,0,0,0
BRDA:47,0,1,2557
BRDA:48,0,0,0
BRDA:48,0,1,2557
BRDA:49,0,0,1
BRDA:49,0,1,2556
BRDA:50,0,0,0
BRDA:50,0,1,2557
BRDA:51,0,0,1
BRDA:51,0,1,2556
BRDA:52,0,0,2553
BRDA:52,0,1,4
BRDA:53,0,0,1
BRDA:53,0,1,2552
BRDA:78,0,0,2
BRDA:78,0,1,28
BRDA:82,0,0,34
BRDA:82,0,1,28
BRDA:93,0,0,30
BRDA:93,0,1,4
BRDA:97,0,0,89
BRDA:97,0,1,30
BRDA:100,0,0,59
BRDA:100,0,1,30
BRDA:105,0,0,3
BRDA:105,0,1,31
BRDA:112,0,0,6
BRDA:112,0,1,28
BRF:34
BRH:31
DA:33,261
DA:36,261
DA:37,261
DA:38,261
DA:39,261
DA:40,261
DA:41,261
DA:42,2557
DA:43,2557
DA:44,2557
DA:45,1
DA:46,1
DA:47,0
DA:48,0
DA:49,1
DA:50,0
DA:51,1
DA:52,2553
DA:53,2553
DA:55,1
DA:56,1
DA:57,1
DA:58,2552
DA:59,2552
DA:60,2552
DA:61,2553
DA:62,2557
DA:63,2557
DA:64,261
DA:65,261
DA:69,101
DA:70,101
DA:71,101
DA:72,101
DA:73,101
DA:77,30
DA:78,30
DA:79,2
DA:80,2
DA:81,28
DA:82,62
DA:83,34
DA:84,34
DA:86,34
DA:87,34
DA:88,34
DA:90,34
DA:91,34
DA:93,34
DA:94,30
DA:95,30
DA:96,30
DA:97,119
DA:98,89
DA:99,89
DA:100,89
DA:101,89
DA:102,30
DA:103,30
DA:105,34
DA:106,3
DA:107,3
DA:108,3
DA:109,3
DA:111,34
DA:112,34
DA:113,34
DA:114,28
DA:115,28
DA:116,30
DA:118,23
DA:119,23
DA:120,23
LH:70
LF:73
end_of_record
SF:carve/cdb/cdb.h
FNF:0
FNH:0
LH:0
LF:0
end_of_record
SF:carve/cdb/json_matcher.h
FN:48,_ZN5carve3cdb21json_matcher_internal13EqJsonMatcherC2ESt17basic_string_viewIcSt11char_traitsIcEE
FN:37,_ZN5carve3cdb21json_matcher_internal14ParseJsonValueESt17basic_string_viewIcSt11char_traitsIcEERN6google8protobuf5ValueE
FN:109,_ZN5carve3cdb6EqJsonB5cxx11ESt17basic_string_viewIcSt11char_traitsIcEE
FN:50,_ZNK5carve3cdb21json_matcher_internal13EqJsonMatcher10DescribeToEPSo
FN:54,_ZNK5carve3cdb21json_matcher_internal13EqJsonMatcher15MatchAndExplainENSt7__cxx1112basic_stringIcSt11char_traitsIcESaIcEEEPN7testing19MatchResultListenerE
FN:52,_ZNK5carve3cdb21json_matcher_internal13EqJsonMatcher18DescribeNegationToEPSo
FNDA:29,_ZN5carve3cdb21json_matcher_internal13EqJsonMatcherC2ESt17basic_string_viewIcSt11char_traitsIcEE
FNDA:60,_ZN5carve3cdb21json_matcher_internal14ParseJsonValueESt17basic_string_viewIcSt11char_traitsIcEERN6google8protobuf5ValueE
FNDA:29,_ZN5carve3cdb6EqJsonB5cxx11ESt17basic_string_viewIcSt11char_traitsIcEE
FNDA:0,_ZNK5carve3cdb21json_matcher_internal13EqJsonMatcher10DescribeToEPSo
FNDA:32,_ZNK5carve3cdb21json_matcher_internal13EqJsonMatcher15MatchAndExplainENSt7__cxx1112basic_stringIcSt11char_traitsIcESaIcEEEPN7testing19MatchResultListenerE
FNDA:0,_ZNK5carve3cdb21json_matcher_internal13EqJsonMatcher18DescribeNegationToEPSo
FNF:6
FNH:4
BRDA:57,0,0,4
BRDA:57,0,1,28
BRDA:65,0,0,2
BRDA:65,0,1,26
BRDA:74,0,0,12
BRDA:74,0,1,14
BRF:6
BRH:6
DA:37,60
DA:38,60
DA:39,60
DA:48,29
DA:50,0
DA:52,0
DA:54,32
DA:55,32
DA:56,32
DA:57,32
DA:58,4
DA:59,4
DA:60,4
DA:61,4
DA:63,28
DA:64,28
DA:65,28
DA:66,2
DA:67,2
DA:68,2
DA:69,2
DA:71,26
DA:72,26
DA:73,26
DA:74,26
DA:75,12
DA:76,12
DA:77,12
DA:78,12
DA:79,12
DA:80,12
DA:81,14
DA:82,26
DA:109,29
DA:110,29
DA:111,29
LH:34
LF:36
end_of_record
SF:carve/cli/cli.cc
FN:27,_ZN5carve3cli14SubcommandNameENS0_10SubcommandE
FN:37,_ZN5carve3cli15ParseSubcommandESt17basic_string_viewIcSt11char_traitsIcEE
FN:53,_ZN5carve3cli8DispatchENS0_10SubcommandEN4absl12lts_202608174SpanIKSt17basic_string_viewIcSt11char_traitsIcEEEE
FNDA:5,_ZN5carve3cli14SubcommandNameENS0_10SubcommandE
FNDA:10,_ZN5carve3cli15ParseSubcommandESt17basic_string_viewIcSt11char_traitsIcEE
FNDA:1,_ZN5carve3cli8DispatchENS0_10SubcommandEN4absl12lts_202608174SpanIKSt17basic_string_viewIcSt11char_traitsIcEEEE
FNF:3
FNH:3
BRDA:28,0,0,5
BRDA:28,0,1,0
BRDA:29,0,0,2
BRDA:29,0,1,3
BRDA:30,0,0,1
BRDA:30,0,1,4
BRDA:31,0,0,1
BRDA:31,0,1,4
BRDA:32,0,0,1
BRDA:32,0,1,4
BRDA:38,0,0,2
BRDA:38,0,1,8
BRDA:41,0,0,2
BRDA:41,0,1,6
BRDA:44,0,0,2
BRDA:44,0,1,4
BRDA:47,0,0,2
BRDA:47,0,1,2
BRF:18
BRH:17
DA:27,5
DA:28,5
DA:29,2
DA:30,1
DA:31,1
DA:32,1
DA:33,5
DA:34,0
DA:35,5
DA:37,10
DA:38,10
DA:39,2
DA:40,2
DA:41,8
DA:42,2
DA:43,2
DA:44,6
DA:45,2
DA:46,2
DA:47,4
DA:48,2
DA:49,2
DA:50,2
DA:51,4
DA:53,1
DA:54,1
DA:55,1
DA:56,1
LH:27
LF:28
end_of_record
SF:carve/cli/cli.h
FNF:0
FNH:0
LH:0
LF:0
end_of_record
SF:carve/command/command.cc
FN:104,_ZN5carve7command20RelativizeToExecrootB5cxx11ESt17basic_string_viewIcSt11char_traitsIcEES4_
FN:118,_ZN5carve7command21ParseMakeDependenciesB5cxx11ESt17basic_string_viewIcSt11char_traitsIcEE
FN:88,_ZN5carve7command24ResolveXcodePlaceholdersEN4absl12lts_202608174SpanIKNSt7__cxx1112basic_stringIcSt11char_traitsIcESaIcEEEEESt17basic_string_viewIcS7_ESD_
FN:60,_ZN5carve7command7DeBazelEN4absl12lts_202608174SpanIKNSt7__cxx1112basic_stringIcSt11char_traitsIcESaIcEEEEE
FN:54,command.cc:_ZN5carve7command12_GLOBAL__N_18IsCcacheESt17basic_string_viewIcSt11char_traitsIcEE
FN:71,command.cc:_ZZN5carve7command7DeBazelEN4absl12lts_202608174SpanIKNSt7__cxx1112basic_stringIcSt11char_traitsIcESaIcEEEEEENK3$_0clESt17basic_string_viewIcS7_E
FNDA:26,_ZN5carve7command20RelativizeToExecrootB5cxx11ESt17basic_string_viewIcSt11char_traitsIcEES4_
FNDA:6,_ZN5carve7command21ParseMakeDependenciesB5cxx11ESt17basic_string_viewIcSt11char_traitsIcEE
FNDA:4,_ZN5carve7command24ResolveXcodePlaceholdersEN4absl12lts_202608174SpanIKNSt7__cxx1112basic_stringIcSt11char_traitsIcESaIcEEEEESt17basic_string_viewIcS7_ESD_
FNDA:46,_ZN5carve7command7DeBazelEN4absl12lts_202608174SpanIKNSt7__cxx1112basic_stringIcSt11char_traitsIcESaIcEEEEE
FNDA:45,command.cc:_ZN5carve7command12_GLOBAL__N_18IsCcacheESt17basic_string_viewIcSt11char_traitsIcEE
FNDA:298,command.cc:_ZZN5carve7command7DeBazelEN4absl12lts_202608174SpanIKNSt7__cxx1112basic_stringIcSt11char_traitsIcESaIcEEEEEENK3$_0clESt17basic_string_viewIcS7_E
FNF:6
FNH:6
BRDA:63,0,0,158
BRDA:63,0,1,46
BRDA:67,0,0,45
BRDA:67,0,1,113
BRDA:67,1,2,2
BRDA:67,1,3,43
BRDA:70,0,0,15
BRDA:70,0,1,297
BRDA:71,0,0,3
BRDA:71,0,1,147
BRDA:74,0,0,4
BRDA:74,0,1,143
BRDA:75,0,0,3
BRDA:75,0,1,1
BRDA:90,0,0,2
BRDA:90,0,1,2
BRDA:93,0,0,3
BRDA:93,0,1,1
BRDA:98,0,0,15
BRDA:98,0,1,4
BRDA:99,0,0,3
BRDA:99,0,1,12
BRDA:106,0,0,2
BRDA:106,0,1,24
BRDA:106,1,2,14
BRDA:106,1,3,10
BRDA:112,0,0,2
BRDA:112,0,1,18
BRDA:112,1,2,2
BRDA:112,1,3,8
BRDA:120,0,0,2
BRDA:120,0,1,4
BRDA:123,0,0,101
BRDA:123,0,1,6
BRDA:125,0,0,4
BRDA:125,0,1,97
BRDA:125,1,2,4
BRDA:125,1,3,0
BRDA:127,0,0,2
BRDA:127,0,1,2
BRDA:127,1,2,0
BRDA:127,1,3,2
BRDA:131,0,0,2
BRDA:131,0,1,0
BRDA:137,0,0,14
BRDA:137,0,1,83
BRDA:137,1,2,0
BRDA:137,1,3,83
BRDA:137,2,4,2
BRDA:137,2,5,81
BRDA:137,3,6,0
BRDA:137,3,7,81
BRDA:138,0,0,8
BRDA:138,0,1,8
BRDA:146,0,0,3
BRDA:146,0,1,3
BRF:56
BRH:51
DA:54,45
DA:55,45
DA:56,45
DA:60,46
DA:61,46
DA:62,46
DA:63,204
DA:64,158
DA:67,158
DA:68,2
DA:69,2
DA:70,156
DA:71,298
DA:72,9
DA:73,9
DA:74,147
DA:75,4
DA:76,3
DA:77,3
DA:78,4
DA:79,4
DA:80,143
DA:81,143
DA:82,46
DA:83,46
DA:88,4
DA:89,4
DA:90,4
DA:91,2
DA:92,2
DA:93,4
DA:94,3
DA:95,3
DA:96,4
DA:97,4
DA:98,15
DA:99,15
DA:100,15
DA:101,4
DA:102,4
DA:104,26
DA:105,26
DA:106,26
DA:107,16
DA:108,16
DA:111,10
DA:112,10
DA:113,2
DA:114,2
DA:115,8
DA:116,10
DA:118,6
DA:119,6
DA:120,6
DA:121,6
DA:122,6
DA:123,107
DA:124,101
DA:125,101
DA:126,4
DA:127,4
DA:128,2
DA:129,2
DA:130,2
DA:131,2
DA:132,2
DA:133,2
DA:134,2
DA:135,2
DA:136,0
DA:137,97
DA:138,16
DA:139,8
DA:140,8
DA:141,8
DA:142,81
DA:143,81
DA:144,81
DA:145,101
DA:146,6
DA:147,3
DA:148,3
DA:149,6
DA:150,6
LH:83
LF:84
end_of_record
SF:carve/command/command.h
FNF:0
FNH:0
LH:0
LF:0
end_of_record
SF:carve/io/io.cc
FN:49,_ZN5carve2io15WriteAtomicallyERKNSt10filesystem7__cxx114pathESt17basic_string_viewIcSt11char_traitsIcEE
FN:82,_ZN5carve2io8ReadFileERKNSt10filesystem7__cxx114pathE
FN:38,io.cc:_ZN5carve2io12_GLOBAL__N_111TempSiblingERKNSt10filesystem7__cxx114pathE
FNDA:86,_ZN5carve2io15WriteAtomicallyERKNSt10filesystem7__cxx114pathESt17basic_string_viewIcSt11char_traitsIcEE
FNDA:74,_ZN5carve2io8ReadFileERKNSt10filesystem7__cxx114pathE
FNDA:86,io.cc:_ZN5carve2io12_GLOBAL__N_111TempSiblingERKNSt10filesystem7__cxx114pathE
FNF:3
FNH:3
BRDA:52,0,0,86
BRDA:52,0,1,0
BRDA:54,0,0,0
BRDA:54,0,1,86
BRDA:63,0,0,0
BRDA:63,0,1,86
BRDA:68,0,0,0
BRDA:68,0,1,86
BRDA:75,0,0,0
BRDA:75,0,1,86
BRDA:84,0,0,14
BRDA:84,0,1,60
BRDA:84,1,2,0
BRDA:84,1,3,60
BRDA:88,0,0,0
BRDA:88,0,1,60
BRF:16
BRH:9
DA:38,86
DA:39,86
DA:40,86
DA:41,86
DA:42,86
DA:43,86
DA:44,86
DA:45,86
DA:49,86
DA:50,86
DA:51,86
DA:52,86
DA:53,86
DA:54,86
DA:55,0
DA:56,0
DA:57,0
DA:58,86
DA:60,86
DA:61,86
DA:62,86
DA:63,86
DA:64,0
DA:65,0
DA:66,86
DA:67,86
DA:68,86
DA:69,0
DA:70,0
DA:71,0
DA:72,86
DA:74,86
DA:75,86
DA:76,0
DA:77,0
DA:78,0
DA:79,86
DA:80,86
DA:82,74
DA:83,74
DA:84,74
DA:85,14
DA:86,14
DA:87,60
DA:88,60
DA:89,0
DA:90,0
DA:91,60
DA:92,60
LH:36
LF:49
end_of_record
SF:carve/io/io.h
FNF:0
FNH:0
LH:0
LF:0
end_of_record
SF:carve/process/process.cc
FN:92,_ZN5carve7process3RunEN4absl12lts_202608174SpanIKNSt7__cxx1112basic_stringIcSt11char_traitsIcESaIcEEEEE
FN:53,process.cc:_ZN5carve7process12_GLOBAL__N_110DrainPipesEiiRNS0_13CommandResultE
FN:47,process.cc:_ZN5carve7process12_GLOBAL__N_110ErrnoErrorESt17basic_string_viewIcSt11char_traitsIcEE
FNDA:5,_ZN5carve7process3RunEN4absl12lts_202608174SpanIKNSt7__cxx1112basic_stringIcSt11char_traitsIcESaIcEEEEE
FNDA:4,process.cc:_ZN5carve7process12_GLOBAL__N_110DrainPipesEiiRNS0_13CommandResultE
FNDA:0,process.cc:_ZN5carve7process12_GLOBAL__N_110ErrnoErrorESt17basic_string_viewIcSt11char_traitsIcEE
FNF:3
FNH:2
BRDA:58,0,0,55
BRDA:58,0,1,4
BRDA:59,0,0,0
BRDA:59,0,1,55
BRDA:60,0,0,-
BRDA:60,0,1,-
BRDA:65,0,0,110
BRDA:65,0,1,55
BRDA:68,0,0,12
BRDA:68,0,1,98
BRDA:68,1,2,39
BRDA:68,1,3,59
BRDA:73,0,0,51
BRDA:73,0,1,8
BRDA:75,0,0,8
BRDA:75,0,1,0
BRDA:75,1,2,-
BRDA:75,1,3,-
BRDA:83,0,0,8
BRDA:83,0,1,4
BRDA:84,0,0,0
BRDA:84,0,1,8
BRDA:93,0,0,1
BRDA:93,0,1,4
BRDA:101,0,0,0
BRDA:101,0,1,4
BRDA:105,0,0,0
BRDA:105,0,1,4
BRDA:113,0,0,0
BRDA:113,0,1,4
BRDA:114,0,0,-
BRDA:114,0,1,-
BRDA:120,0,0,0
BRDA:120,0,1,4
BRDA:124,0,0,-
BRDA:124,0,1,-
BRDA:129,0,0,-
BRDA:129,0,1,-
BRDA:146,0,0,0
BRDA:146,0,1,4
BRDA:147,0,0,-
BRDA:147,0,1,-
BRDA:151,0,0,4
BRDA:151,0,1,0
BRDA:153,0,0,-
BRDA:153,0,1,-
BRF:46
BRH:23
DA:47,0
DA:48,0
DA:49,0
DA:53,4
DA:54,4
DA:55,4
DA:56,4
DA:57,4
DA:58,59
DA:59,55
DA:60,0
DA:61,0
DA:62,0
DA:63,0
DA:64,0
DA:65,165
DA:68,110
DA:69,51
DA:70,51
DA:71,59
DA:72,59
DA:73,59
DA:74,51
DA:75,51
DA:76,8
DA:77,8
DA:78,8
DA:79,8
DA:80,59
DA:81,55
DA:83,8
DA:84,8
DA:85,0
DA:86,0
DA:87,8
DA:88,4
DA:92,5
DA:93,5
DA:94,1
DA:95,1
DA:97,4
DA:98,4
DA:101,4
DA:102,0
DA:103,0
DA:105,4
DA:106,0
DA:107,0
DA:108,0
DA:109,0
DA:110,4
DA:112,4
DA:113,4
DA:114,0
DA:115,0
DA:116,0
DA:117,0
DA:118,0
DA:120,4
DA:122,0
DA:123,0
DA:124,0
DA:125,0
DA:126,0
DA:127,0
DA:128,0
DA:129,0
DA:132,0
DA:133,0
DA:134,0
DA:135,0
DA:136,0
DA:137,0
DA:140,4
DA:141,4
DA:142,4
DA:143,4
DA:145,4
DA:146,4
DA:147,0
DA:148,0
DA:149,0
DA:150,0
DA:151,4
DA:152,4
DA:153,4
DA:155,0
DA:156,4
DA:157,4
LH:49
LF:89
end_of_record
SF:carve/process/process.h
FNF:0
FNH:0
LH:0
LF:0
end_of_record
SF:carve/prune/prune.cc
FN:28,_ZN5carve5prune12PruneRecordsERKNS_13ActionRecordsEl
FN:39,_ZN5carve5prune8RunPruneERKNSt10filesystem7__cxx114pathEl
FNDA:4,_ZN5carve5prune12PruneRecordsERKNS_13ActionRecordsEl
FNDA:2,_ZN5carve5prune8RunPruneERKNSt10filesystem7__cxx114pathEl
FNF:2
FNH:2
BRDA:31,0,0,6
BRDA:31,0,1,4
BRDA:32,0,0,1
BRDA:32,0,1,5
BRDA:32,1,2,3
BRDA:32,1,3,2
BRDA:40,0,0,0
BRDA:40,0,1,2
BRDA:45,0,0,1
BRDA:45,0,1,1
BRDA:46,0,0,2
BRDA:46,0,1,1
BRF:12
BRH:11
DA:28,4
DA:29,4
DA:30,4
DA:31,6
DA:32,6
DA:33,4
DA:34,4
DA:35,6
DA:36,4
DA:37,4
DA:39,2
DA:40,2
DA:41,2
DA:42,2
DA:45,2
DA:46,1
DA:47,1
DA:48,2
DA:49,2
LH:19
LF:19
end_of_record
SF:carve/prune/prune.h
FNF:0
FNH:0
LH:0
LF:0
end_of_record
SF:carve/refresh/refresh.cc
FN:344,_ZN5carve7refresh10RunRefreshERKNS0_11FileOptionsE
FN:339,_ZN5carve7refresh12BuildEntriesESt17basic_string_viewIcSt11char_traitsIcEERKNS0_7OptionsE
FN:316,_ZN5carve7refresh18EntriesFromRecordsERKNS_13ActionRecordsESt17basic_string_viewIcSt11char_traitsIcEE
FN:66,refresh.cc:_ZN5carve7refresh12_GLOBAL__N_110FindSourceERKSt6vectorINSt7__cxx1112basic_stringIcSt11char_traitsIcESaIcEEESaIS8_EE
FN:91,refresh.cc:_ZN5carve7refresh12_GLOBAL__N_110MakeRecordERKNS_6aquery13CompileActionESt17basic_string_viewIcSt11char_traitsIcEE
FN:157,refresh.cc:_ZN5carve7refresh12_GLOBAL__N_111ScanHeadersERNS_12ActionRecordESt17basic_string_viewIcSt11char_traitsIcEERKSt8functionIFN4absl12lts_202608178StatusOrISt6vectorINSt7__cxx1112basic_stringIcS6_SaIcEEESaISG_EEEENSA_4SpanIKSG_EES7_EE
FN:240,refresh.cc:_ZN5carve7refresh12_GLOBAL__N_111WorkerCountEi
FN:79,refresh.cc:_ZN5carve7refresh12_GLOBAL__N_112AbsoluteFileB5cxx11ESt17basic_string_viewIcSt11char_traitsIcEES5_
FN:117,refresh.cc:_ZN5carve7refresh12_GLOBAL__N_112BuildRecordsESt17basic_string_viewIcSt11char_traitsIcEES5_
FN:53,refresh.cc:_ZN5carve7refresh12_GLOBAL__N_112IsSourceFileESt17basic_string_viewIcSt11char_traitsIcEE
FN:188,refresh.cc:_ZN5carve7refresh12_GLOBAL__N_112ParallelScan3RunEj
FN:220,refresh.cc:_ZN5carve7refresh12_GLOBAL__N_112ParallelScan6WorkerEv
FN:211,refresh.cc:_ZN5carve7refresh12_GLOBAL__N_112ParallelScan9ClaimNextEv
FN:184,refresh.cc:_ZN5carve7refresh12_GLOBAL__N_112ParallelScanC2ESt6vectorIPNS_12ActionRecordESaIS5_EESt17basic_string_viewIcSt11char_traitsIcEERKSt8functionIFN4absl12lts_202608178StatusOrIS3_INSt7__cxx1112basic_stringIcSA_SaIcEEESaISJ_EEEENSE_4SpanIKSJ_EESB_EE
FN:285,refresh.cc:_ZN5carve7refresh12_GLOBAL__N_113BazelExecRootERKNSt7__cxx1112basic_stringIcSt11char_traitsIcESaIcEEE
FN:247,refresh.cc:_ZN5carve7refresh12_GLOBAL__N_113ModifiedAfterERKNSt10filesystem7__cxx114pathEl
FN:268,refresh.cc:_ZN5carve7refresh12_GLOBAL__N_117CachedScanIsStaleERKNS_12ActionRecordESt17basic_string_viewIcSt11char_traitsIcEE
FN:134,refresh.cc:_ZN5carve7refresh12_GLOBAL__N_122ApplyXcodePlaceholdersERNS_13ActionRecordsERKSt8functionIFNS0_10XcodePathsEvEE
FN:302,refresh.cc:_ZN5carve7refresh12_GLOBAL__N_19RunAqueryERKSt6vectorINSt7__cxx1112basic_stringIcSt11char_traitsIcESaIcEEESaIS8_EERKS8_
FN:197,refresh.cc:_ZZN5carve7refresh12_GLOBAL__N_112ParallelScan3RunEjENKUlvE_clEv
FN:277,refresh.cc:_ZZN5carve7refresh12_GLOBAL__N_117CachedScanIsStaleERKNS_12ActionRecordESt17basic_string_viewIcSt11char_traitsIcEEENK3$_0clES8_
FN:278,refresh.cc:_ZZN5carve7refresh12_GLOBAL__N_117CachedScanIsStaleERKNS_12ActionRecordESt17basic_string_viewIcSt11char_traitsIcEEENK3$_1clES8_
FN:135,refresh.cc:_ZZN5carve7refresh12_GLOBAL__N_122ApplyXcodePlaceholdersERNS_13ActionRecordsERKSt8functionIFNS0_10XcodePathsEvEEENK3$_0clERKNS_12ActionRecordE
FN:137,refresh.cc:_ZZZN5carve7refresh12_GLOBAL__N_122ApplyXcodePlaceholdersERNS_13ActionRecordsERKSt8functionIFNS0_10XcodePathsEvEEENK3$_0clERKNS_12ActionRecordEENKUlSt17basic_string_viewIcSt11char_traitsIcEEE_clESH_
FNDA:19,_ZN5carve7refresh10RunRefreshERKNS0_11FileOptionsE
FNDA:5,_ZN5carve7refresh12BuildEntriesESt17basic_string_viewIcSt11char_traitsIcEERKNS0_7OptionsE
FNDA:27,_ZN5carve7refresh18EntriesFromRecordsERKNS_13ActionRecordsESt17basic_string_viewIcSt11char_traitsIcEE
FNDA:25,refresh.cc:_ZN5carve7refresh12_GLOBAL__N_110FindSourceERKSt6vectorINSt7__cxx1112basic_stringIcSt11char_traitsIcESaIcEEESaIS8_EE
FNDA:25,refresh.cc:_ZN5carve7refresh12_GLOBAL__N_110MakeRecordERKNS_6aquery13CompileActionESt17basic_string_viewIcSt11char_traitsIcEE
FNDA:13,refresh.cc:_ZN5carve7refresh12_GLOBAL__N_111ScanHeadersERNS_12ActionRecordESt17basic_string_viewIcSt11char_traitsIcEERKSt8functionIFN4absl12lts_202608178StatusOrISt6vectorINSt7__cxx1112basic_stringIcS6_SaIcEEESaISG_EEEENSA_4SpanIKSG_EES7_EE
FNDA:18,refresh.cc:_ZN5carve7refresh12_GLOBAL__N_111WorkerCountEi
FNDA:8,refresh.cc:_ZN5carve7refresh12_GLOBAL__N_112AbsoluteFileB5cxx11ESt17basic_string_viewIcSt11char_traitsIcEES5_
FNDA:23,refresh.cc:_ZN5carve7refresh12_GLOBAL__N_112BuildRecordsESt17basic_string_viewIcSt11char_traitsIcEES5_
FNDA:77,refresh.cc:_ZN5carve7refresh12_GLOBAL__N_112IsSourceFileESt17basic_string_viewIcSt11char_traitsIcEE
FNDA:18,refresh.cc:_ZN5carve7refresh12_GLOBAL__N_112ParallelScan3RunEj
FNDA:13,refresh.cc:_ZN5carve7refresh12_GLOBAL__N_112ParallelScan6WorkerEv
FNDA:26,refresh.cc:_ZN5carve7refresh12_GLOBAL__N_112ParallelScan9ClaimNextEv
FNDA:18,refresh.cc:_ZN5carve7refresh12_GLOBAL__N_112ParallelScanC2ESt6vectorIPNS_12ActionRecordESaIS5_EESt17basic_string_viewIcSt11char_traitsIcEERKSt8functionIFN4absl12lts_202608178StatusOrIS3_INSt7__cxx1112basic_stringIcSA_SaIcEEESaISJ_EEEENSE_4SpanIKSJ_EESB_EE
FNDA:0,refresh.cc:_ZN5carve7refresh12_GLOBAL__N_113BazelExecRootERKNSt7__cxx1112basic_stringIcSt11char_traitsIcESaIcEEE
FNDA:8,refresh.cc:_ZN5carve7refresh12_GLOBAL__N_113ModifiedAfterERKNSt10filesystem7__cxx114pathEl
FNDA:7,refresh.cc:_ZN5carve7refresh12_GLOBAL__N_117CachedScanIsStaleERKNS_12ActionRecordESt17basic_string_viewIcSt11char_traitsIcEE
FNDA:1,refresh.cc:_ZN5carve7refresh12_GLOBAL__N_122ApplyXcodePlaceholdersERNS_13ActionRecordsERKSt8functionIFNS0_10XcodePathsEvEE
FNDA:0,refresh.cc:_ZN5carve7refresh12_GLOBAL__N_19RunAqueryERKSt6vectorINSt7__cxx1112basic_stringIcSt11char_traitsIcESaIcEEESaIS8_EERKS8_
FNDA:4,refresh.cc:_ZZN5carve7refresh12_GLOBAL__N_112ParallelScan3RunEjENKUlvE_clEv
FNDA:6,refresh.cc:_ZZN5carve7refresh12_GLOBAL__N_117CachedScanIsStaleERKNS_12ActionRecordESt17basic_string_viewIcSt11char_traitsIcEEENK3$_0clES8_
FNDA:2,refresh.cc:_ZZN5carve7refresh12_GLOBAL__N_117CachedScanIsStaleERKNS_12ActionRecordESt17basic_string_viewIcSt11char_traitsIcEEENK3$_1clES8_
FNDA:1,refresh.cc:_ZZN5carve7refresh12_GLOBAL__N_122ApplyXcodePlaceholdersERNS_13ActionRecordsERKSt8functionIFNS0_10XcodePathsEvEEENK3$_0clERKNS_12ActionRecordE
FNDA:1,refresh.cc:_ZZZN5carve7refresh12_GLOBAL__N_122ApplyXcodePlaceholdersERNS_13ActionRecordsERKSt8functionIFNS0_10XcodePathsEvEEENK3$_0clERKNS_12ActionRecordEENKUlSt17basic_string_viewIcSt11char_traitsIcEEE_clESH_
FNF:24
FNH:22
BRDA:55,0,0,52
BRDA:55,0,1,25
BRDA:68,0,0,77
BRDA:68,0,1,25
BRDA:69,0,0,24
BRDA:69,0,1,53
BRDA:81,0,0,0
BRDA:81,0,1,8
BRDA:81,1,2,1
BRDA:81,1,3,7
BRDA:94,0,0,1
BRDA:94,0,1,24
BRDA:100,0,0,75
BRDA:100,0,1,24
BRDA:106,0,0,0
BRDA:106,0,1,24
BRDA:109,0,0,0
BRDA:109,0,1,24
BRDA:118,0,0,0
BRDA:118,0,1,23
BRDA:120,0,0,25
BRDA:120,0,1,23
BRDA:122,0,0,24
BRDA:122,0,1,1
BRDA:139,0,0,0
BRDA:139,0,1,1
BRDA:143,0,0,1
BRDA:143,0,1,1
BRDA:146,0,0,4
BRDA:146,0,1,1
BRDA:160,0,0,2
BRDA:160,0,1,11
BRDA:163,0,0,14
BRDA:163,0,1,11
BRDA:189,0,0,10
BRDA:189,0,1,8
BRDA:191,0,0,9
BRDA:191,0,1,1
BRDA:196,0,0,4
BRDA:196,0,1,1
BRDA:199,0,0,4
BRDA:199,0,1,1
BRDA:213,0,0,13
BRDA:213,0,1,13
BRDA:221,0,0,13
BRDA:221,0,1,13
BRDA:223,0,0,2
BRDA:223,0,1,11
BRDA:241,0,0,1
BRDA:241,0,1,17
BRDA:250,0,0,2
BRDA:250,0,1,6
BRDA:269,0,0,1
BRDA:269,0,1,6
BRDA:275,0,0,4
BRDA:275,0,1,2
BRDA:278,0,0,0
BRDA:278,0,1,2
BRDA:286,0,0,-
BRDA:286,0,1,-
BRDA:288,0,0,-
BRDA:288,0,1,-
BRDA:293,0,0,-
BRDA:293,0,1,-
BRDA:293,1,2,-
BRDA:293,1,3,-
BRDA:293,2,4,-
BRDA:293,2,5,-
BRDA:293,3,6,-
BRDA:293,3,7,-
BRDA:306,0,0,-
BRDA:306,0,1,-
BRDA:307,0,0,-
BRDA:307,0,1,-
BRDA:308,0,0,-
BRDA:308,0,1,-
BRDA:319,0,0,29
BRDA:319,0,1,27
BRDA:320,0,0,0
BRDA:320,0,1,29
BRDA:340,0,0,0
BRDA:340,0,1,5
BRDA:346,0,0,19
BRDA:346,0,1,0
BRDA:348,0,0,-
BRDA:348,0,1,-
BRDA:353,0,0,37
BRDA:353,0,1,20
BRDA:357,0,0,0
BRDA:357,0,1,18
BRDA:358,0,0,-
BRDA:358,0,1,-
BRDA:362,0,0,0
BRDA:362,0,1,18
BRDA:363,0,0,1
BRDA:363,0,1,17
BRDA:367,0,0,1
BRDA:367,0,1,17
BRDA:370,0,0,0
BRDA:370,0,1,1
BRDA:371,0,0,-
BRDA:371,0,1,-
BRDA:383,0,0,2
BRDA:383,0,1,1
BRDA:387,0,0,0
BRDA:387,0,1,17
BRDA:394,0,0,12
BRDA:394,0,1,5
BRDA:395,0,0,15
BRDA:395,0,1,12
BRDA:397,0,0,8
BRDA:397,0,1,7
BRDA:397,1,2,5
BRDA:397,1,3,2
BRDA:409,0,0,13
BRDA:409,0,1,17
BRDA:413,0,0,2
BRDA:413,0,1,17
BRDA:425,0,0,7
BRDA:425,0,1,10
BRDA:427,0,0,7
BRDA:427,0,1,7
BRDA:428,0,0,12
BRDA:428,0,1,2
BRDA:428,1,2,5
BRDA:428,1,3,2
BRDA:434,0,0,34
BRDA:434,0,1,17
BRDA:443,0,0,34
BRDA:443,0,1,17
BRDA:451,0,0,34
BRDA:451,0,1,17
BRF:132
BRH:95
DA:53,77
DA:54,77
DA:55,77
DA:56,52
DA:57,52
DA:58,25
DA:59,25
DA:60,25
DA:61,25
DA:62,77
DA:66,25
DA:67,25
DA:68,77
DA:69,77
DA:70,24
DA:71,24
DA:72,77
DA:73,25
DA:74,25
DA:79,8
DA:80,8
DA:81,8
DA:82,1
DA:83,1
DA:84,7
DA:85,8
DA:91,25
DA:92,25
DA:93,25
DA:94,25
DA:95,1
DA:96,1
DA:97,24
DA:98,24
DA:99,24
DA:100,75
DA:101,75
DA:102,75
DA:106,24
DA:107,0
DA:108,0
DA:109,24
DA:110,0
DA:111,0
DA:112,24
DA:113,25
DA:117,23
DA:118,23
DA:119,23
DA:120,25
DA:121,25
DA:122,25
DA:123,24
DA:124,24
DA:125,25
DA:126,23
DA:127,23
DA:134,1
DA:135,1
DA:136,1
DA:137,1
DA:138,1
DA:139,1
DA:140,0
DA:141,0
DA:142,1
DA:143,1
DA:144,1
DA:145,1
DA:146,4
DA:147,4
DA:148,4
DA:149,1
DA:150,1
DA:157,13
DA:158,13
DA:159,13
DA:160,13
DA:161,2
DA:162,2
DA:163,14
DA:166,14
DA:167,14
DA:168,11
DA:169,13
DA:184,18
DA:188,18
DA:189,18
DA:190,10
DA:191,10
DA:192,9
DA:193,9
DA:194,1
DA:195,1
DA:196,5
DA:197,4
DA:198,4
DA:199,4
DA:200,4
DA:201,4
DA:202,1
DA:203,10
DA:204,18
DA:205,18
DA:206,18
DA:207,18
DA:211,26
DA:212,26
DA:213,26
DA:214,13
DA:215,13
DA:216,13
DA:217,26
DA:220,13
DA:221,26
DA:223,13
DA:224,2
DA:225,2
DA:226,2
DA:227,13
DA:228,13
DA:240,18
DA:241,18
DA:242,18
DA:247,8
DA:248,8
DA:249,8
DA:250,8
DA:251,2
DA:252,2
DA:253,6
DA:254,6
DA:255,6
DA:256,6
DA:257,8
DA:268,7
DA:269,7
DA:270,1
DA:271,1
DA:272,6
DA:275,6
DA:276,6
DA:277,6
DA:278,2
DA:279,2
DA:280,2
DA:281,7
DA:285,0
DA:286,0
DA:287,0
DA:288,0
DA:289,0
DA:290,0
DA:291,0
DA:292,0
DA:293,0
DA:294,0
DA:295,0
DA:296,0
DA:297,0
DA:302,0
DA:303,0
DA:304,0
DA:305,0
DA:306,0
DA:307,0
DA:308,0
DA:309,0
DA:310,0
DA:311,0
DA:312,0
DA:316,27
DA:317,27
DA:318,27
DA:319,29
DA:320,29
DA:321,0
DA:322,0
DA:323,29
DA:324,29
DA:325,29
DA:326,29
DA:331,29
DA:332,29
DA:333,29
DA:334,29
DA:335,29
DA:336,27
DA:337,27
DA:339,5
DA:340,5
DA:341,5
DA:342,5
DA:344,19
DA:345,19
DA:346,19
DA:347,19
DA:348,19
DA:349,0
DA:350,0
DA:351,0
DA:352,0
DA:353,19
DA:356,18
DA:357,18
DA:358,0
DA:359,0
DA:360,0
DA:362,36
DA:363,36
DA:364,1
DA:365,1
DA:367,36
DA:369,1
DA:370,1
DA:371,0
DA:372,0
DA:373,0
DA:374,0
DA:375,1
DA:376,1
DA:378,1
DA:379,1
DA:380,1
DA:381,1
DA:382,1
DA:383,1
DA:384,1
DA:385,1
DA:387,36
DA:393,34
DA:394,34
DA:395,15
DA:396,15
DA:397,15
DA:398,13
DA:399,13
DA:400,15
DA:401,12
DA:406,34
DA:407,34
DA:408,34
DA:409,34
DA:410,13
DA:411,13
DA:412,34
DA:413,34
DA:414,2
DA:415,2
DA:417,34
DA:425,34
DA:426,7
DA:427,7
DA:428,7
DA:429,5
DA:430,5
DA:431,7
DA:432,7
DA:434,34
DA:441,17
DA:442,17
DA:443,17
DA:445,17
DA:446,17
DA:447,17
DA:448,17
DA:449,17
DA:450,17
DA:451,17
DA:452,17
DA:453,17
LH:228
LF:271
end_of_record
SF:carve/refresh/refresh.h
FNF:0
FNH:0
LH:0
LF:0
end_of_record
SF:carve/scan_deps/scan_deps.cc
FNF:0
FNH:0
LH:0
LF:0
end_of_record
SF:carve/scan_deps/scan_deps.h
FNF:0
FNH:0
LH:0
LF:0
end_of_record
SF:carve/shard/shard.cc
FN:32,_ZN5carve5shard10BuildShardERKNS0_7OptionsE
FN:91,_ZN5carve5shard8RunShardERKNS0_11FileOptionsE
FNDA:7,_ZN5carve5shard10BuildShardERKNS0_7OptionsE
FNDA:3,_ZN5carve5shard8RunShardERKNS0_11FileOptionsE
FNF:2
FNH:2
BRDA:34,0,0,0
BRDA:34,0,1,7
BRDA:34,1,2,1
BRDA:34,1,3,6
BRDA:42,0,0,22
BRDA:42,0,1,7
BRDA:48,0,0,2
BRDA:48,0,1,5
BRDA:51,0,0,1
BRDA:51,0,1,6
BRDA:59,0,0,3
BRDA:59,0,1,4
BRDA:62,0,0,2
BRDA:62,0,1,1
BRDA:63,0,0,3
BRDA:63,0,1,2
BRDA:78,0,0,2
BRDA:78,0,1,5
BRDA:79,0,0,4
BRDA:79,0,1,2
BRDA:85,0,0,6
BRDA:85,0,1,1
BRDA:85,1,2,5
BRDA:85,1,3,1
BRDA:92,0,0,1
BRDA:92,0,1,2
BRDA:96,0,0,6
BRDA:96,0,1,2
BRDA:102,0,0,1
BRDA:102,0,1,1
BRDA:103,0,0,0
BRDA:103,0,1,1
BRF:32
BRH:30
DA:32,7
DA:33,7
DA:34,7
DA:35,1
DA:36,1
DA:38,7
DA:39,7
DA:40,7
DA:41,7
DA:42,22
DA:43,22
DA:44,22
DA:48,7
DA:49,2
DA:50,2
DA:51,7
DA:52,1
DA:53,1
DA:58,7
DA:59,7
DA:60,3
DA:61,3
DA:62,3
DA:63,3
DA:66,3
DA:67,3
DA:68,2
DA:69,1
DA:70,1
DA:71,3
DA:78,7
DA:79,4
DA:80,4
DA:81,4
DA:82,2
DA:83,2
DA:85,7
DA:86,5
DA:87,5
DA:88,7
DA:89,7
DA:91,3
DA:92,3
DA:95,2
DA:96,6
DA:97,6
DA:98,6
DA:101,2
DA:102,2
DA:103,1
DA:104,1
DA:105,1
DA:107,2
DA:108,2
DA:109,2
DA:110,2
DA:111,2
DA:112,2
DA:113,2
DA:114,2
DA:115,2
DA:116,2
DA:117,2
DA:118,2
DA:119,2
DA:120,2
DA:121,2
DA:122,2
LH:68
LF:68
end_of_record
SF:carve/shard/shard.h
FNF:0
FNH:0
LH:0
LF:0
end_of_record
SF:carve/sidecar/sidecar.cc
FN:108,_ZN5carve7sidecar12MergeRecordsERKNS_13ActionRecordsES3_St17basic_string_viewIcSt11char_traitsIcEERKN4absl12lts_2026081713flat_hash_setIS7_NS9_18container_internal10StringHashENSB_8StringEqESaIS7_EEE
FN:73,_ZN5carve7sidecar14DiffActionKeysERKNS_13ActionRecordsEN4absl12lts_202608174SpanIKNSt7__cxx1112basic_stringIcSt11char_traitsIcESaIcEEEEE
FN:54,_ZN5carve7sidecar15LoadHeaderIndexERKNSt10filesystem7__cxx114pathE
FN:69,_ZN5carve7sidecar15SaveHeaderIndexERKNSt10filesystem7__cxx114pathERKNS_11HeaderIndexE
FN:154,_ZN5carve7sidecar16BuildHeaderIndexERKNS_13ActionRecordsE
FN:144,_ZN5carve7sidecar18FindReusableRecordERKNS_13ActionRecordsERKNS_12ActionRecordESt17basic_string_viewIcSt11char_traitsIcEE
FN:35,_ZN5carve7sidecar4LoadERKNSt10filesystem7__cxx114pathE
FN:50,_ZN5carve7sidecar4SaveERKNSt10filesystem7__cxx114pathERKNS_13ActionRecordsE
FN:98,sidecar.cc:_ZN5carve7sidecar12_GLOBAL__N_111SameCommandERKNS_12ActionRecordES4_
FN:132,sidecar.cc:_ZZN5carve7sidecar12MergeRecordsERKNS_13ActionRecordsES3_St17basic_string_viewIcSt11char_traitsIcEERKN4absl12lts_2026081713flat_hash_setIS7_NS9_18container_internal10StringHashENSB_8StringEqESaIS7_EEEENK3$_0clEPKNS_12ActionRecordESL_
FNDA:24,_ZN5carve7sidecar12MergeRecordsERKNS_13ActionRecordsES3_St17basic_string_viewIcSt11char_traitsIcEERKN4absl12lts_2026081713flat_hash_setIS7_NS9_18container_internal10StringHashENSB_8StringEqESaIS7_EEE
FNDA:2,_ZN5carve7sidecar14DiffActionKeysERKNS_13ActionRecordsEN4absl12lts_202608174SpanIKNSt7__cxx1112basic_stringIcSt11char_traitsIcESaIcEEEEE
FNDA:5,_ZN5carve7sidecar15LoadHeaderIndexERKNSt10filesystem7__cxx114pathE
FNDA:22,_ZN5carve7sidecar15SaveHeaderIndexERKNSt10filesystem7__cxx114pathERKNS_11HeaderIndexE
FNDA:23,_ZN5carve7sidecar16BuildHeaderIndexERKNS_13ActionRecordsE
FNDA:19,_ZN5carve7sidecar18FindReusableRecordERKNS_13ActionRecordsERKNS_12ActionRecordESt17basic_string_viewIcSt11char_traitsIcEE
FNDA:43,_ZN5carve7sidecar4LoadERKNSt10filesystem7__cxx114pathE
FNDA:35,_ZN5carve7sidecar4SaveERKNSt10filesystem7__cxx114pathERKNS_13ActionRecordsE
FNDA:25,sidecar.cc:_ZN5carve7sidecar12_GLOBAL__N_111SameCommandERKNS_12ActionRecordES4_
FNDA:9,sidecar.cc:_ZZN5carve7sidecar12MergeRecordsERKNS_13ActionRecordsES3_St17basic_string_viewIcSt11char_traitsIcEERKN4absl12lts_2026081713flat_hash_setIS7_NS9_18container_internal10StringHashENSB_8StringEqESaIS7_EEEENK3$_0clEPKNS_12ActionRecordESL_
FNF:10
FNH:10
BRDA:37,0,0,10
BRDA:37,0,1,33
BRDA:38,0,0,10
BRDA:38,0,1,0
BRDA:44,0,0,0
BRDA:44,0,1,33
BRDA:56,0,0,1
BRDA:56,0,1,4
BRDA:57,0,0,1
BRDA:57,0,1,0
BRDA:63,0,0,0
BRDA:63,0,1,4
BRDA:76,0,0,2
BRDA:76,0,1,2
BRDA:82,0,0,4
BRDA:82,0,1,2
BRDA:83,0,0,1
BRDA:83,0,1,3
BRDA:85,0,0,2
BRDA:85,0,1,2
BRDA:86,0,0,1
BRDA:86,0,1,1
BRDA:113,0,0,20
BRDA:113,0,1,24
BRDA:114,0,0,18
BRDA:114,0,1,2
BRDA:121,0,0,28
BRDA:121,0,1,24
BRDA:123,0,0,23
BRDA:123,0,1,33
BRDA:123,1,2,13
BRDA:123,1,3,3
BRDA:123,2,4,7
BRDA:123,2,5,6
BRDA:133,0,0,2
BRDA:133,0,1,7
BRDA:145,0,0,11
BRDA:145,0,1,11
BRDA:146,0,0,10
BRDA:146,0,1,1
BRDA:146,1,2,9
BRDA:146,1,3,1
BRDA:147,0,0,8
BRDA:147,0,1,1
BRDA:159,0,0,27
BRDA:159,0,1,23
BRDA:160,0,0,24
BRDA:160,0,1,27
BRDA:167,0,0,22
BRDA:167,0,1,23
BRDA:170,0,0,24
BRDA:170,0,1,22
BRF:52
BRH:48
DA:35,43
DA:36,43
DA:37,43
DA:38,10
DA:39,10
DA:40,10
DA:41,0
DA:42,10
DA:43,33
DA:44,33
DA:45,0
DA:46,0
DA:47,33
DA:48,33
DA:50,35
DA:51,35
DA:52,35
DA:54,5
DA:55,5
DA:56,5
DA:57,1
DA:58,1
DA:59,1
DA:60,0
DA:61,1
DA:62,4
DA:63,4
DA:64,0
DA:65,0
DA:66,4
DA:67,4
DA:69,22
DA:70,22
DA:71,22
DA:73,2
DA:74,2
DA:75,2
DA:76,2
DA:77,2
DA:78,2
DA:79,2
DA:81,2
DA:82,4
DA:83,4
DA:84,4
DA:85,2
DA:86,2
DA:87,1
DA:88,1
DA:89,2
DA:90,2
DA:91,2
DA:92,2
DA:93,2
DA:94,2
DA:98,25
DA:99,25
DA:100,25
DA:108,24
DA:109,24
DA:112,24
DA:113,27
DA:114,20
DA:115,18
DA:116,18
DA:117,2
DA:118,2
DA:119,20
DA:121,28
DA:122,28
DA:123,28
DA:124,7
DA:125,21
DA:126,21
DA:127,21
DA:128,28
DA:130,24
DA:131,24
DA:132,24
DA:133,9
DA:134,2
DA:135,2
DA:136,7
DA:137,9
DA:138,24
DA:139,24
DA:144,19
DA:145,19
DA:146,11
DA:147,9
DA:148,8
DA:149,8
DA:150,11
DA:151,11
DA:152,19
DA:154,23
DA:158,23
DA:159,27
DA:160,28
DA:161,24
DA:162,24
DA:163,27
DA:165,23
DA:166,23
DA:167,24
DA:168,22
DA:169,22
DA:170,24
DA:171,24
DA:172,24
DA:173,22
DA:174,23
DA:175,23
LH:107
LF:113
end_of_record
SF:carve/sidecar/sidecar.h
FNF:0
FNH:0
LH:0
LF:0
end_of_record
